nohup: ignoring input
Training starts ...
Finished model initialization....
epoch: 0
train: 12.256666666666668% test: 12.02%

0 step model saved ...
epoch: 0
train: 83.87% test: 82.5%

100 step model saved ...
epoch: 0
train: 85.80833333333334% test: 84.45%

200 step model saved ...
finished epoch: 0

epoch: 1
train: 87.42333333333333% test: 86.63%

300 step model saved ...
epoch: 1
train: 87.94999999999999% test: 86.32%

finished epoch: 1

epoch: 2
train: 89.54166666666666% test: 87.81%

500 step model saved ...
epoch: 2
train: 89.25999999999999% test: 87.66000000000001%

epoch: 2
train: 90.76833333333333% test: 88.94%

700 step model saved ...
finished epoch: 2

epoch: 3
train: 91.415% test: 89.2%

800 step model saved ...
epoch: 3
train: 91.28500000000001% test: 89.13%

finished epoch: 3

epoch: 4
train: 92.29166666666667% test: 90.05%

1000 step model saved ...
epoch: 4
train: 91.36166666666666% test: 88.55%

finished epoch: 4

5 epoch model saved ...

epoch: 5
train: 93.25% test: 90.60000000000001%

1200 step model saved ...
epoch: 5
train: 93.30666666666667% test: 90.62%

1300 step model saved ...
epoch: 5
train: 93.33166666666666% test: 90.35%

finished epoch: 5

epoch: 6
train: 90.68% test: 88.16000000000001%

epoch: 6
train: 93.765% test: 90.53%

finished epoch: 6

epoch: 7
train: 94.3% test: 90.53%

epoch: 7
train: 95.00833333333333% test: 91.13%

1800 step model saved ...
finished epoch: 7

epoch: 8
train: 94.87833333333333% test: 90.72%

epoch: 8
train: 93.82333333333334% test: 89.97%

epoch: 8
train: 95.06333333333333% test: 90.75%

finished epoch: 8

epoch: 9
train: 93.30833333333334% test: 89.42999999999999%

epoch: 9
train: 95.75% test: 91.08000000000001%

finished epoch: 9

10 epoch model saved ...

epoch: 10
train: 95.28833333333333% test: 90.36%

epoch: 10
train: 90.69666666666667% test: 87.25%

finished epoch: 10

epoch: 11
train: 94.60499999999999% test: 90.32%

epoch: 11
train: 96.13333333333334% test: 90.79%

epoch: 11
train: 96.30499999999999% test: 90.9%

finished epoch: 11

epoch: 12
train: 95.26666666666667% test: 89.92999999999999%

epoch: 12
train: 96.31% test: 90.97%

finished epoch: 12

epoch: 13
train: 95.99666666666667% test: 90.25999999999999%

epoch: 13
train: 97.40833333333333% test: 91.46%

3200 step model saved ...
finished epoch: 13

epoch: 14
train: 97.50833333333333% test: 90.98%

epoch: 14
train: 96.39% test: 90.16999999999999%

epoch: 14
train: 97.39166666666667% test: 91.07%

finished epoch: 14

15 epoch model saved ...

epoch: 15
train: 97.545% test: 91.12%

epoch: 15
train: 95.72333333333334% test: 90.12%

finished epoch: 15

epoch: 16
train: 98.03% test: 90.75999999999999%

epoch: 16
train: 97.75833333333334% test: 90.78%

finished epoch: 16

epoch: 17
train: 97.77166666666666% test: 91.01%

epoch: 17
train: 98.26166666666667% test: 91.34%

epoch: 17
train: 97.125% test: 90.45%

finished epoch: 17

epoch: 18
train: 98.14% test: 90.94%

epoch: 18
train: 98.31833333333333% test: 91.13%

finished epoch: 18

epoch: 19
train: 98.02833333333332% test: 90.96%

epoch: 19
train: 98.49666666666667% test: 90.82000000000001%

finished epoch: 19

20 epoch model saved ...

epoch: 20
train: 98.46000000000001% test: 91.0%

epoch: 20
train: 98.46000000000001% test: 91.09%

epoch: 20
train: 98.28833333333333% test: 90.8%

finished epoch: 20

epoch: 21
train: 97.65166666666667% test: 90.53999999999999%

epoch: 21
train: 97.88% test: 90.99000000000001%

finished epoch: 21

epoch: 22
train: 98.15166666666667% test: 90.95%

epoch: 22
train: 99.11% test: 91.03%

epoch: 22
train: 98.99166666666666% test: 91.11%

finished epoch: 22

epoch: 23
train: 98.60666666666667% test: 91.14999999999999%

epoch: 23
train: 99.10666666666667% test: 91.51%

5600 step model saved ...
finished epoch: 23

epoch: 24
train: 98.955% test: 91.23%

epoch: 24
train: 99.26666666666667% test: 91.32000000000001%

finished epoch: 24

25 epoch model saved ...

epoch: 25
train: 98.76% test: 91.06%

epoch: 25
train: 98.51833333333333% test: 90.79%

epoch: 25
train: 99.18% test: 91.27%

finished epoch: 25

epoch: 26
train: 98.48333333333333% test: 90.9%

epoch: 26
train: 99.02666666666666% test: 91.23%

finished epoch: 26

epoch: 27
train: 98.98166666666667% test: 90.99000000000001%

epoch: 27
train: 98.91666666666666% test: 90.63%

finished epoch: 27

epoch: 28
train: 99.25166666666667% test: 91.24%

epoch: 28
train: 99.11% test: 91.25999999999999%

epoch: 28
train: 99.19333333333333% test: 91.24%

finished epoch: 28

epoch: 29
train: 99.065% test: 91.03%

epoch: 29
train: 99.27666666666667% test: 91.64999999999999%

7000 step model saved ...
finished epoch: 29

30 epoch model saved ...

epoch: 30
train: 98.69166666666666% test: 90.66%

epoch: 30
train: 99.28% test: 91.4%

finished epoch: 30

epoch: 31
train: 99.31333333333333% test: 91.5%

epoch: 31
train: 99.20666666666666% test: 91.34%

epoch: 31
train: 98.84666666666668% test: 90.57%

finished epoch: 31

epoch: 32
train: 98.51333333333334% test: 90.64%

epoch: 32
train: 99.22% test: 91.0%

finished epoch: 32

epoch: 33
train: 99.51666666666667% test: 91.41%

epoch: 33
train: 99.16666666666667% test: 91.0%

finished epoch: 33

epoch: 34
train: 99.07166666666667% test: 91.03999999999999%

epoch: 34
train: 99.38666666666667% test: 91.09%

epoch: 34
train: 98.61666666666666% test: 90.36%

finished epoch: 34

35 epoch model saved ...

epoch: 35
train: 98.85000000000001% test: 90.84%

epoch: 35
train: 99.24666666666667% test: 90.72%

finished epoch: 35

epoch: 36
train: 99.58166666666666% test: 91.18%

epoch: 36
train: 99.65166666666667% test: 91.17%

finished epoch: 36

epoch: 37
train: 99.51166666666667% test: 91.13%

epoch: 37
train: 99.49833333333333% test: 91.41%

epoch: 37
train: 99.48666666666666% test: 91.36999999999999%

finished epoch: 37

epoch: 38
train: 99.27333333333334% test: 90.79%

epoch: 38
train: 99.70666666666666% test: 91.36999999999999%

finished epoch: 38

epoch: 39
train: 98.70666666666666% test: 90.56%

epoch: 39
train: 99.50333333333333% test: 91.35%

finished epoch: 39

40 epoch model saved ...

epoch: 40
train: 99.1% test: 91.14999999999999%

epoch: 40
train: 99.58666666666667% test: 90.94%

epoch: 40
train: 99.30666666666667% test: 90.73%

finished epoch: 40

epoch: 41
train: 99.58166666666666% test: 91.05%

epoch: 41
train: 99.18% test: 91.19%

finished epoch: 41

epoch: 42
train: 99.645% test: 91.34%

epoch: 42
train: 99.66166666666668% test: 91.36999999999999%

epoch: 42
train: 99.66833333333334% test: 91.47999999999999%

finished epoch: 42

epoch: 43
train: 99.25333333333334% test: 91.13%

epoch: 43
train: 99.49333333333334% test: 91.18%

finished epoch: 43

epoch: 44
train: 99.47% test: 91.16%

epoch: 44
train: 99.60666666666667% test: 91.52%

finished epoch: 44

45 epoch model saved ...

epoch: 45
train: 99.56% test: 91.25999999999999%

epoch: 45
train: 99.72333333333333% test: 91.63%

epoch: 45
train: 99.30166666666666% test: 91.06%

finished epoch: 45

epoch: 46
train: 99.555% test: 91.59%

epoch: 46
train: 99.49833333333333% test: 91.46%

finished epoch: 46

epoch: 47
train: 99.75% test: 91.88%

11100 step model saved ...
epoch: 47
train: 99.50666666666666% test: 91.44%

finished epoch: 47

epoch: 48
train: 99.61666666666666% test: 91.18%

epoch: 48
train: 99.85666666666667% test: 91.71000000000001%

epoch: 48
train: 99.33999999999999% test: 91.03%

finished epoch: 48

epoch: 49
train: 99.68% test: 91.31%

epoch: 49
train: 99.63333333333333% test: 91.22%

finished epoch: 49

50 epoch model saved ...

epoch: 50
train: 99.47% test: 91.27%

epoch: 50
train: 99.21% test: 90.84%

finished epoch: 50

epoch: 51
train: 99.24% test: 90.68%

epoch: 51
train: 99.50833333333333% test: 91.33%

epoch: 51
train: 99.71166666666666% test: 91.5%

finished epoch: 51

epoch: 52
train: 99.74833333333333% test: 91.09%

epoch: 52
train: 99.71% test: 91.79%

finished epoch: 52

epoch: 53
train: 99.43833333333333% test: 91.14999999999999%

epoch: 53
train: 99.73333333333333% test: 91.43%

finished epoch: 53

epoch: 54
train: 98.66% test: 89.68%

epoch: 54
train: 99.60333333333334% test: 91.25999999999999%

epoch: 54
train: 99.54833333333333% test: 91.18%

finished epoch: 54

55 epoch model saved ...

epoch: 55
train: 99.68666666666667% test: 91.34%

epoch: 55
train: 99.81666666666666% test: 91.12%

finished epoch: 55

epoch: 56
train: 99.67166666666667% test: 91.55%

epoch: 56
train: 99.74499999999999% test: 91.13%

finished epoch: 56

epoch: 57
train: 99.74333333333333% test: 90.95%

epoch: 57
train: 99.34666666666668% test: 91.28%

epoch: 57
train: 99.62% test: 91.47%

finished epoch: 57

epoch: 58
train: 99.61% test: 91.28%

epoch: 58
train: 99.65333333333334% test: 91.11%

finished epoch: 58

epoch: 59
train: 99.74499999999999% test: 91.53%

epoch: 59
train: 99.78166666666667% test: 91.23%

finished epoch: 59

60 epoch model saved ...

epoch: 60
train: 98.98% test: 90.66%

epoch: 60
train: 99.65166666666667% test: 91.17%

epoch: 60
train: 99.645% test: 91.53999999999999%

finished epoch: 60

epoch: 61
train: 99.65666666666667% test: 91.13%

epoch: 61
train: 99.14833333333334% test: 90.49000000000001%

finished epoch: 61

epoch: 62
train: 99.68% test: 91.17%

epoch: 62
train: 99.77166666666668% test: 91.38%

epoch: 62
train: 99.71166666666666% test: 90.89%

finished epoch: 62

epoch: 63
train: 99.67166666666667% test: 91.3%

epoch: 63
train: 99.45% test: 90.99000000000001%

finished epoch: 63

epoch: 64
train: 99.73833333333333% test: 91.08000000000001%

epoch: 64
train: 99.52333333333333% test: 91.12%

finished epoch: 64

65 epoch model saved ...

epoch: 65
train: 99.79333333333334% test: 91.47999999999999%

epoch: 65
train: 99.52666666666666% test: 91.2%

epoch: 65
train: 99.79833333333333% test: 91.53%

finished epoch: 65

epoch: 66
train: 99.83166666666666% test: 91.7%

epoch: 66
train: 99.08833333333334% test: 90.66%

finished epoch: 66

epoch: 67
train: 99.81% test: 91.42%

epoch: 67
train: 99.645% test: 91.46%

finished epoch: 67

epoch: 68
train: 99.72333333333333% test: 91.43%

epoch: 68
train: 99.85833333333333% test: 91.58%

epoch: 68
train: 99.83166666666666% test: 91.64999999999999%

finished epoch: 68

epoch: 69
train: 99.57833333333333% test: 90.95%

epoch: 69
train: 99.79333333333334% test: 91.35%

finished epoch: 69

70 epoch model saved ...

epoch: 70
train: 99.63166666666666% test: 91.33%

epoch: 70
train: 99.77833333333334% test: 91.29%

finished epoch: 70

epoch: 71
train: 99.84833333333333% test: 91.52%

epoch: 71
train: 99.77666666666667% test: 91.85%

epoch: 71
train: 99.84333333333333% test: 91.47999999999999%

finished epoch: 71

epoch: 72
train: 98.655% test: 90.35%

epoch: 72
train: 99.77000000000001% test: 91.71000000000001%

finished epoch: 72

epoch: 73
train: 99.41% test: 91.22%

epoch: 73
train: 99.82666666666667% test: 91.67%

finished epoch: 73

epoch: 74
train: 99.78666666666666% test: 91.51%

epoch: 74
train: 99.84166666666667% test: 91.44%

epoch: 74
train: 99.83833333333332% test: 91.56%

finished epoch: 74

75 epoch model saved ...

epoch: 75
train: 99.815% test: 91.7%

epoch: 75
train: 99.795% test: 91.75999999999999%

finished epoch: 75

epoch: 76
train: 99.81166666666667% test: 91.61%

epoch: 76
train: 99.51% test: 91.47999999999999%

finished epoch: 76

epoch: 77
train: 99.885% test: 91.84%

epoch: 77
train: 99.92166666666667% test: 91.74%

epoch: 77
train: 99.735% test: 91.53999999999999%

finished epoch: 77

epoch: 78
train: 99.74333333333333% test: 91.56%

epoch: 78
train: 99.73666666666666% test: 91.35%

finished epoch: 78

epoch: 79
train: 99.87833333333333% test: 91.49000000000001%

epoch: 79
train: 98.33666666666666% test: 90.36999999999999%

finished epoch: 79

80 epoch model saved ...

epoch: 80
train: 99.605% test: 91.42%

epoch: 80
train: 99.61166666666666% test: 91.14%

epoch: 80
train: 99.69% test: 91.49000000000001%

finished epoch: 80

epoch: 81
train: 99.91% test: 91.81%

epoch: 81
train: 99.78666666666666% test: 91.34%

finished epoch: 81

epoch: 82
train: 99.795% test: 91.63%

epoch: 82
train: 99.78166666666667% test: 91.86999999999999%

epoch: 82
train: 99.78166666666667% test: 91.43%

finished epoch: 82

epoch: 83
train: 99.89166666666667% test: 91.82000000000001%

epoch: 83
train: 99.77000000000001% test: 91.52%

finished epoch: 83

epoch: 84
train: 99.91833333333334% test: 91.59%

epoch: 84
train: 99.72666666666666% test: 91.36%

finished epoch: 84

85 epoch model saved ...

epoch: 85
train: 99.895% test: 91.66%

epoch: 85
train: 99.845% test: 91.73%

epoch: 85
train: 99.77833333333334% test: 91.45%

finished epoch: 85

epoch: 86
train: 99.79833333333333% test: 91.29%

epoch: 86
train: 99.82166666666666% test: 91.62%

finished epoch: 86

epoch: 87
train: 99.75333333333334% test: 91.72%

epoch: 87
train: 99.47333333333333% test: 91.14999999999999%

finished epoch: 87

epoch: 88
train: 99.67833333333334% test: 91.5%

epoch: 88
train: 99.61% test: 91.13%

epoch: 88
train: 99.79833333333333% test: 91.60000000000001%

finished epoch: 88

epoch: 89
train: 99.62166666666667% test: 90.83%

epoch: 89
train: 99.735% test: 91.4%

finished epoch: 89

90 epoch model saved ...

epoch: 90
train: 99.77166666666668% test: 91.25%

epoch: 90
train: 99.855% test: 91.29%

finished epoch: 90

epoch: 91
train: 99.815% test: 91.36%

epoch: 91
train: 99.875% test: 91.33%

epoch: 91
train: 99.85333333333334% test: 91.39%

finished epoch: 91

epoch: 92
train: 99.83% test: 91.03%

epoch: 92
train: 99.83833333333332% test: 91.35%

finished epoch: 92

epoch: 93
train: 99.69333333333333% test: 91.18%

epoch: 93
train: 99.63166666666666% test: 91.16%

finished epoch: 93

epoch: 94
train: 99.78666666666666% test: 91.59%

epoch: 94
train: 99.87833333333333% test: 91.60000000000001%

epoch: 94
train: 99.63166666666666% test: 91.46%

finished epoch: 94

95 epoch model saved ...

epoch: 95
train: 99.85833333333333% test: 91.7%

epoch: 95
train: 99.91666666666667% test: 91.77%

finished epoch: 95

epoch: 96
train: 99.65% test: 91.43%

epoch: 96
train: 99.88% test: 91.51%

finished epoch: 96

epoch: 97
train: 99.75% test: 91.7%

epoch: 97
train: 99.91333333333333% test: 91.53999999999999%

epoch: 97
train: 99.72666666666666% test: 91.01%

finished epoch: 97

epoch: 98
train: 99.80166666666666% test: 91.52%

epoch: 98
train: 99.655% test: 91.25%

finished epoch: 98

epoch: 99
train: 99.74166666666666% test: 91.46%

epoch: 99
train: 99.92666666666666% test: 91.93%

23400 step model saved ...
finished epoch: 99

100 epoch model saved ...

epoch: 100
train: 99.65666666666667% test: 91.28%

epoch: 100
train: 99.91666666666667% test: 91.49000000000001%

epoch: 100
train: 99.94666666666666% test: 91.61%

finished epoch: 100

epoch: 101
train: 99.675% test: 91.36999999999999%

epoch: 101
train: 99.91% test: 91.56%

finished epoch: 101

epoch: 102
train: 99.835% test: 91.49000000000001%

epoch: 102
train: 99.85166666666667% test: 91.25%

epoch: 102
train: 99.35166666666667% test: 90.84%

finished epoch: 102

epoch: 103
train: 99.82666666666667% test: 91.33%

epoch: 103
train: 99.84333333333333% test: 91.36999999999999%

finished epoch: 103

epoch: 104
train: 99.76666666666667% test: 91.24%

epoch: 104
train: 99.80333333333333% test: 91.27%

finished epoch: 104

105 epoch model saved ...

epoch: 105
train: 99.895% test: 91.58%

epoch: 105
train: 99.89166666666667% test: 91.66%

epoch: 105
train: 99.765% test: 91.33%

finished epoch: 105

epoch: 106
train: 99.74% test: 91.12%

epoch: 106
train: 99.88% test: 91.53%

finished epoch: 106

epoch: 107
train: 99.885% test: 91.33%

epoch: 107
train: 99.93333333333332% test: 91.66%

finished epoch: 107

epoch: 108
train: 99.89166666666667% test: 91.5%

epoch: 108
train: 99.91499999999999% test: 91.46%

epoch: 108
train: 99.885% test: 91.41%

finished epoch: 108

epoch: 109
train: 99.71% test: 91.28%

epoch: 109
train: 99.90666666666667% test: 91.75999999999999%

finished epoch: 109

110 epoch model saved ...

epoch: 110
train: 99.355% test: 90.81%

epoch: 110
train: 99.89333333333333% test: 91.66%

finished epoch: 110

epoch: 111
train: 99.70333333333333% test: 91.16%

epoch: 111
train: 99.94666666666666% test: 91.57%

epoch: 111
train: 99.86% test: 91.19%

finished epoch: 111

epoch: 112
train: 99.885% test: 91.12%

epoch: 112
train: 99.89% test: 91.32000000000001%

finished epoch: 112

epoch: 113
train: 99.85666666666667% test: 91.03999999999999%

epoch: 113
train: 99.49333333333334% test: 91.07%

finished epoch: 113

epoch: 114
train: 99.82333333333332% test: 91.36%

epoch: 114
train: 99.93833333333333% test: 91.73%

epoch: 114
train: 99.83166666666666% test: 91.29%

finished epoch: 114

115 epoch model saved ...

epoch: 115
train: 99.76333333333334% test: 91.75%

epoch: 115
train: 99.935% test: 91.61%

finished epoch: 115

epoch: 116
train: 99.94833333333332% test: 91.47999999999999%

epoch: 116
train: 99.77666666666667% test: 91.3%

finished epoch: 116

epoch: 117
train: 99.53999999999999% test: 91.08000000000001%

epoch: 117
train: 99.83999999999999% test: 91.47%

epoch: 117
train: 99.67666666666666% test: 91.32000000000001%

finished epoch: 117

epoch: 118
train: 99.905% test: 91.79%

epoch: 118
train: 99.86333333333334% test: 91.69%

finished epoch: 118

epoch: 119
train: 99.96833333333333% test: 91.64%

epoch: 119
train: 99.94666666666666% test: 91.91%

finished epoch: 119

120 epoch model saved ...

epoch: 120
train: 99.61833333333333% test: 91.41%

epoch: 120
train: 99.85166666666667% test: 91.7%

epoch: 120
train: 99.78166666666667% test: 91.25999999999999%

finished epoch: 120

epoch: 121
train: 99.78833333333334% test: 91.47%

epoch: 121
train: 99.46000000000001% test: 90.85%

finished epoch: 121

epoch: 122
train: 99.845% test: 91.41%

epoch: 122
train: 99.70666666666666% test: 90.97%

epoch: 122
train: 99.81% test: 91.29%

finished epoch: 122

epoch: 123
train: 99.92833333333333% test: 91.71000000000001%

epoch: 123
train: 99.945% test: 91.72%

finished epoch: 123

epoch: 124
train: 99.89333333333333% test: 91.72%

epoch: 124
train: 99.92333333333333% test: 91.53999999999999%

finished epoch: 124

125 epoch model saved ...

epoch: 125
train: 99.7% test: 91.47999999999999%

epoch: 125
train: 99.91833333333334% test: 91.66%

epoch: 125
train: 99.94% test: 91.63%

finished epoch: 125

epoch: 126
train: 99.83833333333332% test: 91.39%

epoch: 126
train: 99.935% test: 91.64999999999999%

finished epoch: 126

epoch: 127
train: 99.97333333333333% test: 91.53%

epoch: 127
train: 99.98333333333333% test: 91.81%

finished epoch: 127

epoch: 128
train: 99.58833333333334% test: 91.22%

epoch: 128
train: 99.61833333333333% test: 91.2%

epoch: 128
train: 99.82166666666666% test: 91.34%

finished epoch: 128

epoch: 129
train: 99.95666666666668% test: 91.78%

epoch: 129
train: 99.72833333333332% test: 91.74%

finished epoch: 129

130 epoch model saved ...

epoch: 130
train: 99.855% test: 91.63%

epoch: 130
train: 99.90833333333333% test: 91.56%

finished epoch: 130

epoch: 131
train: 99.64% test: 91.28%

epoch: 131
train: 99.95% test: 91.61%

epoch: 131
train: 99.98% test: 91.75%

finished epoch: 131

epoch: 132
train: 99.91666666666667% test: 91.51%

epoch: 132
train: 99.91833333333334% test: 91.69%

finished epoch: 132

epoch: 133
train: 99.72333333333333% test: 91.07%

epoch: 133
train: 99.87333333333333% test: 91.24%

finished epoch: 133

epoch: 134
train: 99.69% test: 91.22%

epoch: 134
train: 99.895% test: 91.66%

epoch: 134
train: 99.89833333333334% test: 91.63%

finished epoch: 134

135 epoch model saved ...

epoch: 135
train: 99.89833333333334% test: 91.52%

epoch: 135
train: 99.97500000000001% test: 91.81%

finished epoch: 135

epoch: 136
train: 99.65% test: 90.79%

epoch: 136
train: 99.945% test: 91.59%

finished epoch: 136

epoch: 137
train: 99.86% test: 91.53%

epoch: 137
train: 99.815% test: 91.31%

epoch: 137
train: 99.92333333333333% test: 91.75%

finished epoch: 137

epoch: 138
train: 99.92666666666666% test: 91.46%

epoch: 138
train: 99.945% test: 91.39%

finished epoch: 138

epoch: 139
train: 99.90666666666667% test: 91.45%

epoch: 139
train: 99.82166666666666% test: 91.34%

finished epoch: 139

140 epoch model saved ...

epoch: 140
train: 99.79666666666667% test: 91.36999999999999%

epoch: 140
train: 99.94166666666666% test: 91.72%

epoch: 140
train: 99.85666666666667% test: 91.2%

finished epoch: 140

epoch: 141
train: 99.95166666666667% test: 91.49000000000001%

epoch: 141
train: 99.815% test: 91.29%

finished epoch: 141

epoch: 142
train: 99.93833333333333% test: 91.51%

epoch: 142
train: 99.84333333333333% test: 91.32000000000001%

epoch: 142
train: 99.945% test: 91.47%

finished epoch: 142

epoch: 143
train: 99.74499999999999% test: 91.56%

epoch: 143
train: 99.785% test: 91.66%

finished epoch: 143

epoch: 144
train: 99.94166666666666% test: 91.67999999999999%

epoch: 144
train: 99.92666666666666% test: 91.42%

finished epoch: 144

145 epoch model saved ...

epoch: 145
train: 99.97666666666667% test: 91.71000000000001%

epoch: 145
train: 99.94166666666666% test: 91.63%

epoch: 145
train: 99.90166666666667% test: 91.38%

finished epoch: 145

epoch: 146
train: 99.81833333333333% test: 91.19%

epoch: 146
train: 99.93833333333333% test: 91.72%

finished epoch: 146

epoch: 147
train: 99.91166666666666% test: 91.35%

epoch: 147
train: 99.845% test: 91.42%

finished epoch: 147

epoch: 148
train: 99.96166666666667% test: 91.64%

epoch: 148
train: 99.69333333333333% test: 91.39%

epoch: 148
train: 99.82666666666667% test: 91.55%

finished epoch: 148

epoch: 149
train: 99.94333333333333% test: 91.69%

epoch: 149
train: 99.74% test: 91.57%

finished epoch: 149

150 epoch model saved ...

epoch: 150
train: 99.81666666666666% test: 91.82000000000001%

epoch: 150
train: 99.80166666666666% test: 91.29%

finished epoch: 150

epoch: 151
train: 99.835% test: 91.5%

epoch: 151
train: 99.92833333333333% test: 91.46%

epoch: 151
train: 99.93166666666666% test: 91.55%

finished epoch: 151

epoch: 152
train: 99.81666666666666% test: 91.44%

epoch: 152
train: 99.86333333333334% test: 91.41%

finished epoch: 152

epoch: 153
train: 99.88666666666667% test: 91.39%

epoch: 153
train: 99.93166666666666% test: 91.34%

finished epoch: 153

epoch: 154
train: 99.75% test: 91.47%

epoch: 154
train: 99.95666666666668% test: 91.75999999999999%

epoch: 154
train: 99.78666666666666% test: 91.46%

finished epoch: 154

155 epoch model saved ...

epoch: 155
train: 99.83166666666666% test: 91.28%

epoch: 155
train: 99.68833333333333% test: 91.10000000000001%

finished epoch: 155

epoch: 156
train: 99.935% test: 91.60000000000001%

epoch: 156
train: 99.93166666666666% test: 91.57%

finished epoch: 156

epoch: 157
train: 99.92999999999999% test: 91.67%

epoch: 157
train: 99.98% test: 91.72%

epoch: 157
train: 99.905% test: 91.55%

finished epoch: 157

epoch: 158
train: 99.76% test: 91.03%

epoch: 158
train: 99.70833333333333% test: 91.35%

finished epoch: 158

epoch: 159
train: 99.9% test: 91.41%

epoch: 159
train: 99.92833333333333% test: 91.4%

finished epoch: 159

160 epoch model saved ...

epoch: 160
train: 99.91666666666667% test: 91.35%

epoch: 160
train: 99.95333333333333% test: 91.52%

epoch: 160
train: 99.80166666666666% test: 91.14%

finished epoch: 160

epoch: 161
train: 99.94% test: 91.41%

epoch: 161
train: 99.89% test: 91.28%

finished epoch: 161

epoch: 162
train: 99.98833333333333% test: 91.64%

epoch: 162
train: 99.93333333333332% test: 91.52%

epoch: 162
train: 99.64333333333333% test: 90.93%

finished epoch: 162

epoch: 163
train: 99.70666666666666% test: 91.21000000000001%

epoch: 163
train: 99.91333333333333% test: 91.74%

finished epoch: 163

epoch: 164
train: 99.92833333333333% test: 91.41%

epoch: 164
train: 99.95333333333333% test: 91.46%

finished epoch: 164

165 epoch model saved ...

epoch: 165
train: 99.98% test: 91.62%

epoch: 165
train: 99.97500000000001% test: 91.56%

epoch: 165
train: 99.9% test: 91.16%

finished epoch: 165

epoch: 166
train: 99.98333333333333% test: 91.52%

epoch: 166
train: 99.94666666666666% test: 91.53%

finished epoch: 166

epoch: 167
train: 99.95666666666668% test: 91.46%

epoch: 167
train: 99.78% test: 91.35%

finished epoch: 167

epoch: 168
train: 99.665% test: 91.03%

epoch: 168
train: 99.835% test: 91.18%

epoch: 168
train: 99.89% test: 91.47999999999999%

finished epoch: 168

epoch: 169
train: 99.64% test: 90.92%

epoch: 169
train: 99.93833333333333% test: 91.36%

finished epoch: 169

170 epoch model saved ...

epoch: 170
train: 99.95% test: 91.67999999999999%

epoch: 170
train: 99.98% test: 91.63%

finished epoch: 170

epoch: 171
train: 99.97833333333334% test: 91.63%

epoch: 171
train: 99.98833333333333% test: 91.66%

epoch: 171
train: 99.98166666666667% test: 91.78%

finished epoch: 171

epoch: 172
train: 99.90666666666667% test: 91.73%

epoch: 172
train: 99.95% test: 91.53%

finished epoch: 172

epoch: 173
train: 99.87666666666667% test: 91.45%

epoch: 173
train: 99.93333333333332% test: 91.8%

finished epoch: 173

epoch: 174
train: 99.92999999999999% test: 91.32000000000001%

epoch: 174
train: 99.93166666666666% test: 91.7%

epoch: 174
train: 96.40833333333333% test: 87.51%

finished epoch: 174

175 epoch model saved ...

epoch: 175
train: 99.425% test: 90.60000000000001%

epoch: 175
train: 99.93666666666667% test: 91.34%

finished epoch: 175

epoch: 176
train: 99.87% test: 91.47999999999999%

epoch: 176
train: 99.94833333333332% test: 91.53999999999999%

finished epoch: 176

epoch: 177
train: 99.885% test: 91.46%

epoch: 177
train: 99.985% test: 91.49000000000001%

epoch: 177
train: 99.99666666666667% test: 91.78%

finished epoch: 177

epoch: 178
train: 99.96166666666667% test: 91.75%

epoch: 178
train: 99.95166666666667% test: 91.32000000000001%

finished epoch: 178

epoch: 179
train: 99.90333333333334% test: 91.44%

epoch: 179
train: 99.91333333333333% test: 91.34%

finished epoch: 179

180 epoch model saved ...

epoch: 180
train: 99.72999999999999% test: 91.36999999999999%

epoch: 180
train: 99.94166666666666% test: 91.43%

epoch: 180
train: 99.96833333333333% test: 91.61%

finished epoch: 180

epoch: 181
train: 99.96166666666667% test: 91.44%

epoch: 181
train: 99.99333333333334% test: 91.78%

finished epoch: 181

epoch: 182
train: 100.0% test: 91.79%

epoch: 182
train: 100.0% test: 91.84%

epoch: 182
train: 100.0% test: 91.82000000000001%

finished epoch: 182

epoch: 183
train: 100.0% test: 91.82000000000001%

epoch: 183
train: 100.0% test: 91.83%

finished epoch: 183

epoch: 184
train: 100.0% test: 91.86999999999999%

epoch: 184
train: 100.0% test: 91.86%

finished epoch: 184

185 epoch model saved ...

epoch: 185
train: 100.0% test: 91.92%

epoch: 185
train: 100.0% test: 91.88%

epoch: 185
train: 100.0% test: 91.9%

finished epoch: 185

epoch: 186
train: 100.0% test: 91.92%

epoch: 186
train: 100.0% test: 91.92%

finished epoch: 186

epoch: 187
train: 100.0% test: 91.9%

epoch: 187
train: 100.0% test: 91.97999999999999%

44100 step model saved ...
finished epoch: 187

epoch: 188
train: 100.0% test: 91.89%

epoch: 188
train: 100.0% test: 91.92%

epoch: 188
train: 100.0% test: 91.93%

finished epoch: 188

epoch: 189
train: 100.0% test: 91.95%

epoch: 189
train: 100.0% test: 91.9%

finished epoch: 189

190 epoch model saved ...

