nohup: ignoring input
Training starts ...
Finished model initialization....
epoch: 0
train: 10.193333333333333% test: 10.190000000000001%

0 step model saved ...
epoch: 0
train: 84.675% test: 83.94%

100 step model saved ...
epoch: 0
train: 86.715% test: 85.56%

200 step model saved ...
finished epoch: 0

epoch: 1
train: 86.48833333333333% test: 84.98%

epoch: 1
train: 89.225% test: 87.5%

400 step model saved ...
finished epoch: 1

epoch: 2
train: 88.72666666666666% test: 87.27000000000001%

epoch: 2
train: 91.08833333333334% test: 89.13%

600 step model saved ...
epoch: 2
train: 89.71333333333334% test: 87.83%

finished epoch: 2

epoch: 3
train: 90.535% test: 88.5%

epoch: 3
train: 92.58166666666666% test: 89.87%

900 step model saved ...
finished epoch: 3

epoch: 4
train: 92.32833333333333% test: 89.53999999999999%

epoch: 4
train: 92.87666666666667% test: 89.9%

1100 step model saved ...
finished epoch: 4

5 epoch model saved ...

epoch: 5
train: 92.58166666666666% test: 89.4%

epoch: 5
train: 93.78999999999999% test: 90.82000000000001%

1300 step model saved ...
epoch: 5
train: 92.83% test: 89.82%

finished epoch: 5

epoch: 6
train: 93.72833333333334% test: 90.0%

epoch: 6
train: 93.66% test: 90.25999999999999%

finished epoch: 6

epoch: 7
train: 94.49166666666666% test: 90.71000000000001%

epoch: 7
train: 94.94% test: 90.96%

1800 step model saved ...
finished epoch: 7

epoch: 8
train: 95.145% test: 90.69%

epoch: 8
train: 95.475% test: 91.28%

2000 step model saved ...
epoch: 8
train: 95.485% test: 90.68%

finished epoch: 8

epoch: 9
train: 96.55833333333334% test: 91.12%

epoch: 9
train: 94.48833333333333% test: 89.94%

finished epoch: 9

10 epoch model saved ...

epoch: 10
train: 96.045% test: 90.78%

epoch: 10
train: 94.41166666666668% test: 89.94%

finished epoch: 10

epoch: 11
train: 96.515% test: 91.44%

2600 step model saved ...
epoch: 11
train: 95.91333333333333% test: 90.53999999999999%

epoch: 11
train: 97.09% test: 91.31%

finished epoch: 11

epoch: 12
train: 96.765% test: 90.83%

epoch: 12
train: 96.76833333333333% test: 91.41%

finished epoch: 12

epoch: 13
train: 96.70666666666666% test: 90.66%

epoch: 13
train: 97.505% test: 91.47%

3200 step model saved ...
finished epoch: 13

epoch: 14
train: 97.28833333333333% test: 91.16%

epoch: 14
train: 97.36% test: 91.06%

epoch: 14
train: 97.61% test: 91.25%

finished epoch: 14

15 epoch model saved ...

epoch: 15
train: 98.09% test: 91.07%

epoch: 15
train: 97.94333333333334% test: 91.25%

finished epoch: 15

epoch: 16
train: 97.72% test: 91.10000000000001%

epoch: 16
train: 96.38833333333334% test: 89.69%

finished epoch: 16

epoch: 17
train: 96.01833333333335% test: 89.45%

epoch: 17
train: 98.655% test: 91.53%

4100 step model saved ...
epoch: 17
train: 98.00999999999999% test: 90.68%

finished epoch: 17

epoch: 18
train: 98.47666666666667% test: 91.32000000000001%

epoch: 18
train: 97.57166666666667% test: 90.32%

finished epoch: 18

epoch: 19
train: 98.65833333333333% test: 91.06%

epoch: 19
train: 98.40666666666667% test: 91.57%

4600 step model saved ...
finished epoch: 19

20 epoch model saved ...

epoch: 20
train: 99.05166666666668% test: 91.5%

epoch: 20
train: 98.86500000000001% test: 91.41%

epoch: 20
train: 98.50166666666667% test: 90.60000000000001%

finished epoch: 20

epoch: 21
train: 99.25833333333334% test: 91.41%

epoch: 21
train: 98.00166666666667% test: 90.38000000000001%

finished epoch: 21

epoch: 22
train: 97.98333333333333% test: 90.34%

epoch: 22
train: 98.81666666666666% test: 91.16%

epoch: 22
train: 99.00999999999999% test: 91.21000000000001%

finished epoch: 22

epoch: 23
train: 99.17166666666667% test: 91.4%

epoch: 23
train: 98.90166666666667% test: 90.88000000000001%

finished epoch: 23

epoch: 24
train: 98.48833333333333% test: 90.84%

epoch: 24
train: 99.33666666666666% test: 91.32000000000001%

finished epoch: 24

25 epoch model saved ...

epoch: 25
train: 99.13499999999999% test: 91.25999999999999%

epoch: 25
train: 98.425% test: 90.99000000000001%

epoch: 25
train: 98.46333333333334% test: 90.36%

finished epoch: 25

epoch: 26
train: 98.87666666666667% test: 90.97%

epoch: 26
train: 90.72833333333334% test: 85.64%

finished epoch: 26

epoch: 27
train: 98.34166666666667% test: 90.99000000000001%

epoch: 27
train: 99.11999999999999% test: 91.12%

finished epoch: 27

epoch: 28
train: 99.35833333333333% test: 91.43%

epoch: 28
train: 99.49666666666667% test: 91.53%

epoch: 28
train: 99.245% test: 91.22%

finished epoch: 28

epoch: 29
train: 99.46166666666667% test: 91.2%

epoch: 29
train: 99.615% test: 91.66%

7000 step model saved ...
finished epoch: 29

30 epoch model saved ...

epoch: 30
train: 99.37833333333333% test: 91.47%

epoch: 30
train: 99.41833333333334% test: 91.8%

7200 step model saved ...
finished epoch: 30

epoch: 31
train: 99.42666666666666% test: 91.51%

epoch: 31
train: 98.93833333333333% test: 91.64999999999999%

epoch: 31
train: 99.1% test: 91.53999999999999%

finished epoch: 31

epoch: 32
train: 99.41166666666666% test: 91.51%

epoch: 32
train: 99.47666666666667% test: 91.53999999999999%

finished epoch: 32

epoch: 33
train: 99.38333333333334% test: 91.52%

epoch: 33
train: 99.05166666666668% test: 90.84%

finished epoch: 33

epoch: 34
train: 99.36333333333334% test: 91.44%

epoch: 34
train: 99.48333333333333% test: 91.28%

epoch: 34
train: 99.64666666666666% test: 91.75%

finished epoch: 34

35 epoch model saved ...

epoch: 35
train: 98.85333333333334% test: 90.9%

epoch: 35
train: 99.61833333333333% test: 91.91%

8400 step model saved ...
finished epoch: 35

epoch: 36
train: 99.34833333333334% test: 91.28%

epoch: 36
train: 99.41499999999999% test: 91.43%

finished epoch: 36

epoch: 37
train: 99.19333333333333% test: 91.23%

epoch: 37
train: 99.23166666666667% test: 91.35%

epoch: 37
train: 98.91166666666666% test: 90.92%

finished epoch: 37

epoch: 38
train: 99.54833333333333% test: 91.61%

epoch: 38
train: 99.40666666666667% test: 91.60000000000001%

finished epoch: 38

epoch: 39
train: 99.64166666666667% test: 91.61%

epoch: 39
train: 99.695% test: 91.62%

finished epoch: 39

40 epoch model saved ...

epoch: 40
train: 99.23166666666667% test: 90.77%

epoch: 40
train: 99.6% test: 91.89%

epoch: 40
train: 99.75500000000001% test: 91.75999999999999%

finished epoch: 40

epoch: 41
train: 98.85166666666667% test: 90.96%

epoch: 41
train: 99.43666666666667% test: 91.53%

finished epoch: 41

epoch: 42
train: 99.70333333333333% test: 91.32000000000001%

epoch: 42
train: 99.85166666666667% test: 91.93%

10000 step model saved ...
epoch: 42
train: 99.79% test: 91.63%

finished epoch: 42

epoch: 43
train: 99.62833333333333% test: 91.58%

epoch: 43
train: 99.77833333333334% test: 91.36999999999999%

finished epoch: 43

epoch: 44
train: 99.82166666666666% test: 91.9%

epoch: 44
train: 99.43833333333333% test: 91.44%

finished epoch: 44

45 epoch model saved ...

epoch: 45
train: 99.54499999999999% test: 91.35%

epoch: 45
train: 99.47166666666666% test: 91.27%

epoch: 45
train: 99.82166666666666% test: 91.67%

finished epoch: 45

epoch: 46
train: 99.64666666666666% test: 91.49000000000001%

epoch: 46
train: 99.515% test: 91.33%

finished epoch: 46

epoch: 47
train: 99.50333333333333% test: 91.27%

epoch: 47
train: 99.45833333333334% test: 91.11%

finished epoch: 47

epoch: 48
train: 99.40666666666667% test: 90.66%

epoch: 48
train: 99.77000000000001% test: 91.4%

epoch: 48
train: 99.84166666666667% test: 91.46%

finished epoch: 48

epoch: 49
train: 99.855% test: 91.71000000000001%

epoch: 49
train: 98.885% test: 90.61%

finished epoch: 49

50 epoch model saved ...

epoch: 50
train: 99.59833333333333% test: 91.27%

epoch: 50
train: 99.785% test: 91.67999999999999%

finished epoch: 50

epoch: 51
train: 99.62% test: 91.57%

epoch: 51
train: 99.175% test: 91.23%

epoch: 51
train: 99.56166666666667% test: 91.24%

finished epoch: 51

epoch: 52
train: 99.44666666666667% test: 91.51%

epoch: 52
train: 99.64666666666666% test: 91.45%

finished epoch: 52

epoch: 53
train: 99.79% test: 91.73%

epoch: 53
train: 99.7% test: 91.47%

finished epoch: 53

epoch: 54
train: 99.83666666666666% test: 91.64%

epoch: 54
train: 99.785% test: 91.56%

epoch: 54
train: 99.63333333333333% test: 91.66%

finished epoch: 54

55 epoch model saved ...

epoch: 55
train: 99.78166666666667% test: 91.75%

epoch: 55
train: 99.52833333333334% test: 91.67999999999999%

finished epoch: 55

epoch: 56
train: 99.76833333333333% test: 91.58%

epoch: 56
train: 99.04833333333333% test: 90.86%

finished epoch: 56

epoch: 57
train: 99.42999999999999% test: 91.3%

epoch: 57
train: 99.55333333333334% test: 91.35%

epoch: 57
train: 99.54499999999999% test: 91.35%

finished epoch: 57

epoch: 58
train: 99.775% test: 91.36999999999999%

epoch: 58
train: 99.66333333333334% test: 91.36999999999999%

finished epoch: 58

epoch: 59
train: 99.55000000000001% test: 91.09%

epoch: 59
train: 99.28666666666666% test: 90.97%

finished epoch: 59

60 epoch model saved ...

epoch: 60
train: 99.535% test: 91.53%

epoch: 60
train: 99.77000000000001% test: 91.8%

epoch: 60
train: 99.515% test: 91.47%

finished epoch: 60

epoch: 61
train: 99.8% test: 91.75%

epoch: 61
train: 99.82666666666667% test: 91.55%

finished epoch: 61

epoch: 62
train: 99.72333333333333% test: 91.61%

epoch: 62
train: 99.77166666666668% test: 91.36999999999999%

epoch: 62
train: 99.77666666666667% test: 91.47999999999999%

finished epoch: 62

epoch: 63
train: 99.82666666666667% test: 91.56%

epoch: 63
train: 99.80333333333333% test: 91.67999999999999%

finished epoch: 63

epoch: 64
train: 99.59% test: 91.21000000000001%

epoch: 64
train: 99.64% test: 91.36999999999999%

finished epoch: 64

65 epoch model saved ...

epoch: 65
train: 99.47666666666667% test: 91.19%

epoch: 65
train: 99.23333333333333% test: 90.98%

epoch: 65
train: 99.8% test: 91.35%

finished epoch: 65

epoch: 66
train: 99.76166666666667% test: 91.53999999999999%

epoch: 66
train: 99.78% test: 91.52%

finished epoch: 66

epoch: 67
train: 99.84166666666667% test: 91.82000000000001%

epoch: 67
train: 99.85333333333334% test: 91.73%

finished epoch: 67

epoch: 68
train: 99.58% test: 91.33%

epoch: 68
train: 99.815% test: 92.0%

16100 step model saved ...
epoch: 68
train: 99.86% test: 91.9%

finished epoch: 68

epoch: 69
train: 99.72833333333332% test: 91.66%

epoch: 69
train: 99.87% test: 91.64%

finished epoch: 69

70 epoch model saved ...

epoch: 70
train: 95.27% test: 90.36999999999999%

epoch: 70
train: 98.07333333333334% test: 91.07%

finished epoch: 70

epoch: 71
train: 99.16% test: 91.44%

epoch: 71
train: 99.595% test: 91.62%

epoch: 71
train: 99.72666666666666% test: 91.74%

finished epoch: 71

epoch: 72
train: 99.75833333333334% test: 91.63%

epoch: 72
train: 99.90333333333334% test: 91.8%

finished epoch: 72

epoch: 73
train: 99.96166666666667% test: 91.81%

epoch: 73
train: 99.91333333333333% test: 91.71000000000001%

finished epoch: 73

epoch: 74
train: 99.76833333333333% test: 91.47%

epoch: 74
train: 99.84833333333333% test: 91.83%

epoch: 74
train: 99.53333333333333% test: 91.5%

finished epoch: 74

75 epoch model saved ...

epoch: 75
train: 99.785% test: 91.71000000000001%

epoch: 75
train: 99.89% test: 91.92%

finished epoch: 75

epoch: 76
train: 99.955% test: 91.93%

epoch: 76
train: 99.88666666666667% test: 91.71000000000001%

finished epoch: 76

epoch: 77
train: 99.97% test: 91.96%

epoch: 77
train: 99.965% test: 92.05%

18200 step model saved ...
epoch: 77
train: 99.94333333333333% test: 91.79%

finished epoch: 77

epoch: 78
train: 99.90333333333334% test: 91.9%

epoch: 78
train: 99.90833333333333% test: 91.91%

finished epoch: 78

epoch: 79
train: 99.79% test: 91.96%

epoch: 79
train: 99.93333333333332% test: 92.0%

finished epoch: 79

80 epoch model saved ...

epoch: 80
train: 99.88333333333334% test: 92.02%

epoch: 80
train: 99.90833333333333% test: 92.02%

epoch: 80
train: 99.96166666666667% test: 92.0%

finished epoch: 80

epoch: 81
train: 99.65833333333333% test: 91.82000000000001%

epoch: 81
train: 99.86833333333334% test: 91.86999999999999%

finished epoch: 81

epoch: 82
train: 99.90333333333334% test: 91.82000000000001%

epoch: 82
train: 99.68% test: 91.60000000000001%

epoch: 82
train: 99.77333333333334% test: 91.75%

finished epoch: 82

epoch: 83
train: 99.91499999999999% test: 92.11%

19600 step model saved ...
epoch: 83
train: 99.87166666666667% test: 92.05%

finished epoch: 83

epoch: 84
train: 99.905% test: 92.09%

epoch: 84
train: 99.84333333333333% test: 91.67%

finished epoch: 84

85 epoch model saved ...

epoch: 85
train: 99.85333333333334% test: 91.55%

epoch: 85
train: 99.88833333333334% test: 91.88%

epoch: 85
train: 99.86833333333334% test: 91.97%

finished epoch: 85

epoch: 86
train: 99.845% test: 91.94%

epoch: 86
train: 99.79% test: 91.91%

finished epoch: 86

epoch: 87
train: 99.83999999999999% test: 91.78%

epoch: 87
train: 99.85333333333334% test: 91.64999999999999%

finished epoch: 87

epoch: 88
train: 99.88833333333334% test: 91.92%

epoch: 88
train: 99.87% test: 91.82000000000001%

epoch: 88
train: 99.87% test: 91.94%

finished epoch: 88

epoch: 89
train: 99.78666666666666% test: 91.59%

epoch: 89
train: 99.84666666666666% test: 91.84%

finished epoch: 89

90 epoch model saved ...

epoch: 90
train: 99.68333333333334% test: 91.57%

epoch: 90
train: 99.15666666666667% test: 90.73%

finished epoch: 90

epoch: 91
train: 99.85000000000001% test: 91.46%

epoch: 91
train: 99.88833333333334% test: 91.81%

epoch: 91
train: 99.89% test: 91.5%

finished epoch: 91

epoch: 92
train: 99.905% test: 91.77%

epoch: 92
train: 99.87333333333333% test: 91.74%

finished epoch: 92

epoch: 93
train: 99.92666666666666% test: 91.44%

epoch: 93
train: 99.95833333333334% test: 92.13%

22000 step model saved ...
finished epoch: 93

epoch: 94
train: 99.595% test: 91.24%

epoch: 94
train: 99.61666666666666% test: 91.4%

epoch: 94
train: 99.82333333333332% test: 91.78%

finished epoch: 94

95 epoch model saved ...

epoch: 95
train: 99.825% test: 91.86999999999999%

epoch: 95
train: 99.86500000000001% test: 91.77%

finished epoch: 95

epoch: 96
train: 99.935% test: 91.85%

epoch: 96
train: 99.945% test: 91.8%

finished epoch: 96

epoch: 97
train: 99.695% test: 91.46%

epoch: 97
train: 99.66166666666668% test: 91.61%

epoch: 97
train: 99.74% test: 91.51%

finished epoch: 97

epoch: 98
train: 99.835% test: 91.81%

epoch: 98
train: 99.82166666666666% test: 91.58%

finished epoch: 98

epoch: 99
train: 99.65833333333333% test: 91.67%

epoch: 99
train: 99.82% test: 91.72%

finished epoch: 99

100 epoch model saved ...

epoch: 100
train: 99.77166666666668% test: 91.47%

epoch: 100
train: 99.815% test: 91.52%

epoch: 100
train: 99.76666666666667% test: 91.49000000000001%

finished epoch: 100

epoch: 101
train: 99.875% test: 91.92%

epoch: 101
train: 99.92999999999999% test: 91.95%

finished epoch: 101

epoch: 102
train: 99.69833333333334% test: 91.38%

epoch: 102
train: 99.78333333333333% test: 91.61%

epoch: 102
train: 99.93666666666667% test: 91.72%

finished epoch: 102

epoch: 103
train: 99.70833333333333% test: 91.53%

epoch: 103
train: 99.80666666666667% test: 91.46%

finished epoch: 103

epoch: 104
train: 99.86333333333334% test: 91.58%

epoch: 104
train: 99.78833333333334% test: 91.64999999999999%

finished epoch: 104

105 epoch model saved ...

epoch: 105
train: 99.73666666666666% test: 91.72%

epoch: 105
train: 99.85666666666667% test: 91.97999999999999%

epoch: 105
train: 99.86666666666667% test: 91.8%

finished epoch: 105

