Training starts ...
Finished model initialization....
epoch: 0	train: 87.82000%	test: 86.70000%
0 step model saved ...
epoch: 1	train: 89.98167%	test: 88.48000%
1 step model saved ...
epoch: 2	train: 90.13500%	test: 88.54000%
2 step model saved ...
epoch: 3	train: 92.58833%	test: 90.55000%
3 step model saved ...
epoch: 4	train: 92.61000%	test: 89.99000%
epoch: 5	train: 93.83167%	test: 90.83000%
5 step model saved ...
epoch: 6	train: 93.87500%	test: 90.69000%
epoch: 7	train: 94.97333%	test: 91.03000%
7 step model saved ...
epoch: 8	train: 95.33000%	test: 91.17000%
8 step model saved ...
epoch: 9	train: 95.38333%	test: 91.14000%
epoch: 10	train: 96.69167%	test: 91.39000%
10 step model saved ...
epoch: 11	train: 95.49333%	test: 90.83000%
epoch: 12	train: 97.18333%	test: 91.41000%
12 step model saved ...
epoch: 13	train: 97.69333%	test: 91.30000%
epoch: 14	train: 97.93500%	test: 91.60000%
14 step model saved ...
epoch: 15	train: 97.55167%	test: 91.20000%
epoch: 16	train: 98.17333%	test: 91.09000%
epoch: 17	train: 98.17833%	test: 91.13000%
epoch: 18	train: 99.17667%	test: 91.40000%
epoch: 19	train: 98.99167%	test: 91.59000%
epoch: 20	train: 98.88333%	test: 91.39000%
epoch: 21	train: 98.46167%	test: 91.05000%
epoch: 22	train: 98.18333%	test: 90.25000%
epoch: 23	train: 99.24833%	test: 91.70000%
23 step model saved ...
epoch: 24	train: 98.83667%	test: 90.79000%
epoch: 25	train: 99.56333%	test: 91.53000%
epoch: 26	train: 98.87500%	test: 90.98000%
epoch: 27	train: 99.38667%	test: 91.18000%
epoch: 28	train: 99.40833%	test: 91.34000%
epoch: 29	train: 99.46000%	test: 91.54000%
epoch: 30	train: 99.27000%	test: 91.43000%
epoch: 31	train: 99.39500%	test: 91.51000%
epoch: 32	train: 99.23333%	test: 91.01000%
epoch: 33	train: 99.47333%	test: 91.48000%
epoch: 34	train: 99.59333%	test: 91.37000%
epoch: 35	train: 99.59833%	test: 91.16000%
epoch: 36	train: 99.60667%	test: 91.54000%
epoch: 37	train: 99.74333%	test: 92.10000%
37 step model saved ...
epoch: 38	train: 99.48833%	test: 91.84000%
epoch: 39	train: 99.52167%	test: 91.36000%
epoch: 40	train: 99.47167%	test: 91.33000%
epoch: 41	train: 99.52500%	test: 91.59000%
epoch: 42	train: 99.70500%	test: 91.86000%
epoch: 43	train: 98.76167%	test: 90.96000%
epoch: 44	train: 99.49833%	test: 91.26000%
epoch: 45	train: 99.57000%	test: 91.12000%
epoch: 46	train: 99.61000%	test: 91.14000%
epoch: 47	train: 99.39500%	test: 91.16000%
epoch: 48	train: 99.59167%	test: 91.39000%
epoch: 49	train: 99.48833%	test: 91.49000%
Finished training
best_test_acc:92.10000%
