Training starts ...
Finished model initialization....
epoch: 0	train: 66.81000%	test: 66.56000%
0 step model saved ...
epoch: 1	train: 73.31000%	test: 72.82000%
1 step model saved ...
epoch: 2	train: 75.26667%	test: 74.67000%
2 step model saved ...
epoch: 3	train: 76.86833%	test: 76.29000%
3 step model saved ...
epoch: 4	train: 78.11833%	test: 77.60000%
4 step model saved ...
epoch: 5	train: 79.06500%	test: 78.28000%
5 step model saved ...
epoch: 6	train: 79.62833%	test: 78.91000%
6 step model saved ...
epoch: 7	train: 80.33833%	test: 79.42000%
7 step model saved ...
epoch: 8	train: 81.22500%	test: 80.50000%
8 step model saved ...
epoch: 9	train: 81.08000%	test: 80.09000%
epoch: 10	train: 82.90833%	test: 81.89000%
10 step model saved ...
epoch: 11	train: 83.03833%	test: 82.13000%
11 step model saved ...
epoch: 12	train: 83.90667%	test: 82.90000%
12 step model saved ...
epoch: 13	train: 84.27000%	test: 83.12000%
13 step model saved ...
epoch: 14	train: 84.82333%	test: 83.76000%
14 step model saved ...
epoch: 15	train: 85.00167%	test: 84.06000%
15 step model saved ...
epoch: 16	train: 85.12667%	test: 84.13000%
16 step model saved ...
epoch: 17	train: 85.49333%	test: 84.71000%
17 step model saved ...
epoch: 18	train: 86.03667%	test: 85.09000%
18 step model saved ...
epoch: 19	train: 85.97167%	test: 85.07000%
epoch: 20	train: 86.31333%	test: 85.30000%
20 step model saved ...
epoch: 21	train: 86.56333%	test: 85.47000%
21 step model saved ...
epoch: 22	train: 86.74667%	test: 85.65000%
22 step model saved ...
epoch: 23	train: 86.41833%	test: 85.73000%
23 step model saved ...
epoch: 24	train: 86.84000%	test: 85.64000%
epoch: 25	train: 87.13833%	test: 86.12000%
25 step model saved ...
epoch: 26	train: 87.03500%	test: 85.95000%
epoch: 27	train: 87.36333%	test: 86.19000%
27 step model saved ...
epoch: 28	train: 87.50667%	test: 86.52000%
28 step model saved ...
epoch: 29	train: 87.53667%	test: 86.48000%
epoch: 30	train: 87.75333%	test: 86.83000%
30 step model saved ...
epoch: 31	train: 87.80833%	test: 86.63000%
epoch: 32	train: 87.76833%	test: 86.75000%
epoch: 33	train: 88.07500%	test: 86.98000%
33 step model saved ...
epoch: 34	train: 87.71000%	test: 86.38000%
epoch: 35	train: 88.14833%	test: 86.84000%
epoch: 36	train: 88.30667%	test: 87.13000%
36 step model saved ...
epoch: 37	train: 88.21833%	test: 87.08000%
epoch: 38	train: 88.44167%	test: 87.21000%
38 step model saved ...
epoch: 39	train: 88.27833%	test: 87.01000%
epoch: 40	train: 88.26667%	test: 86.95000%
epoch: 41	train: 88.58500%	test: 87.15000%
epoch: 42	train: 88.33000%	test: 86.98000%
epoch: 43	train: 88.59167%	test: 87.23000%
43 step model saved ...
epoch: 44	train: 88.60000%	test: 87.36000%
44 step model saved ...
epoch: 45	train: 88.74500%	test: 87.15000%
epoch: 46	train: 88.63500%	test: 87.22000%
epoch: 47	train: 88.81000%	test: 87.36000%
47 step model saved ...
epoch: 48	train: 88.85500%	test: 87.45000%
48 step model saved ...
epoch: 49	train: 88.92667%	test: 87.24000%
Finished training
best_test_acc:87.45000%
