Training starts ...
Finished model initialization....
epoch: 0	train: 30.44333%	test: 30.34000%
0 step model saved ...
epoch: 1	train: 32.21500%	test: 32.22000%
1 step model saved ...
epoch: 2	train: 20.66333%	test: 20.57000%
epoch: 3	train: 25.47000%	test: 24.99000%
epoch: 4	train: 25.23167%	test: 24.81000%
epoch: 5	train: 29.48833%	test: 29.00000%
epoch: 6	train: 24.87667%	test: 24.49000%
epoch: 7	train: 26.30500%	test: 25.78000%
epoch: 8	train: 24.25667%	test: 24.25000%
epoch: 9	train: 31.68833%	test: 31.17000%
epoch: 10	train: 27.03167%	test: 26.63000%
epoch: 11	train: 23.88167%	test: 23.60000%
epoch: 12	train: 22.27333%	test: 22.14000%
epoch: 13	train: 31.05500%	test: 30.67000%
epoch: 14	train: 20.97500%	test: 21.03000%
epoch: 15	train: 22.60667%	test: 22.50000%
epoch: 16	train: 22.78000%	test: 22.60000%
epoch: 17	train: 23.51167%	test: 23.34000%
epoch: 18	train: 25.53667%	test: 25.15000%
epoch: 19	train: 22.98500%	test: 22.77000%
epoch: 20	train: 25.00500%	test: 24.74000%
epoch: 21	train: 25.54167%	test: 25.23000%
epoch: 22	train: 23.97000%	test: 23.45000%
epoch: 23	train: 30.94167%	test: 30.19000%
epoch: 24	train: 23.21500%	test: 22.87000%
epoch: 25	train: 31.21000%	test: 30.82000%
epoch: 26	train: 25.17333%	test: 25.08000%
epoch: 27	train: 30.35500%	test: 29.72000%
epoch: 28	train: 22.08500%	test: 21.65000%
epoch: 29	train: 31.68167%	test: 31.29000%
epoch: 30	train: 29.76167%	test: 29.51000%
epoch: 31	train: 23.63333%	test: 23.53000%
epoch: 32	train: 27.70000%	test: 27.28000%
epoch: 33	train: 32.62333%	test: 32.13000%
epoch: 34	train: 31.58667%	test: 31.10000%
epoch: 35	train: 27.92167%	test: 27.61000%
epoch: 36	train: 24.71667%	test: 24.29000%
epoch: 37	train: 28.69833%	test: 28.20000%
epoch: 38	train: 31.90500%	test: 31.51000%
epoch: 39	train: 29.99500%	test: 29.60000%
epoch: 40	train: 32.51500%	test: 32.19000%
epoch: 41	train: 31.33667%	test: 30.75000%
epoch: 42	train: 37.85167%	test: 37.34000%
42 step model saved ...
epoch: 43	train: 38.10667%	test: 37.46000%
43 step model saved ...
epoch: 44	train: 25.93333%	test: 25.39000%
epoch: 45	train: 28.95667%	test: 28.69000%
epoch: 46	train: 26.97667%	test: 26.67000%
epoch: 47	train: 26.24667%	test: 25.94000%
epoch: 48	train: 30.06833%	test: 29.72000%
epoch: 49	train: 32.46333%	test: 32.20000%
Finished training
best_test_acc:37.46000%
