Training starts ...
Finished model initialization....
epoch: 0	train: 78.52833%	test: 77.65000%
0 step model saved ...
epoch: 1	train: 84.03667%	test: 83.12000%
1 step model saved ...
epoch: 2	train: 84.57667%	test: 83.06000%
epoch: 3	train: 87.91500%	test: 86.96000%
3 step model saved ...
epoch: 4	train: 88.01667%	test: 86.72000%
epoch: 5	train: 88.79333%	test: 87.15000%
5 step model saved ...
epoch: 6	train: 89.52667%	test: 88.29000%
6 step model saved ...
epoch: 7	train: 90.14167%	test: 88.81000%
7 step model saved ...
epoch: 8	train: 90.33500%	test: 88.83000%
8 step model saved ...
epoch: 9	train: 90.69833%	test: 88.73000%
epoch: 10	train: 90.87500%	test: 88.96000%
10 step model saved ...
epoch: 11	train: 90.50667%	test: 88.52000%
epoch: 12	train: 91.05500%	test: 89.35000%
12 step model saved ...
epoch: 13	train: 91.28667%	test: 89.03000%
epoch: 14	train: 91.36500%	test: 89.38000%
14 step model saved ...
epoch: 15	train: 91.16000%	test: 89.11000%
epoch: 16	train: 91.63167%	test: 89.03000%
epoch: 17	train: 91.85333%	test: 89.72000%
17 step model saved ...
epoch: 18	train: 92.33167%	test: 89.70000%
epoch: 19	train: 92.02000%	test: 89.32000%
epoch: 20	train: 92.39500%	test: 89.59000%
epoch: 21	train: 92.81667%	test: 90.23000%
21 step model saved ...
epoch: 22	train: 91.82167%	test: 88.86000%
epoch: 23	train: 92.34333%	test: 89.80000%
epoch: 24	train: 91.48167%	test: 88.48000%
epoch: 25	train: 92.82333%	test: 89.92000%
epoch: 26	train: 92.53000%	test: 89.58000%
epoch: 27	train: 92.69000%	test: 89.70000%
epoch: 28	train: 93.07000%	test: 89.57000%
epoch: 29	train: 93.14167%	test: 89.83000%
epoch: 30	train: 93.18167%	test: 90.09000%
epoch: 31	train: 93.32333%	test: 89.71000%
epoch: 32	train: 93.23167%	test: 89.75000%
epoch: 33	train: 92.44833%	test: 89.10000%
epoch: 34	train: 92.68500%	test: 89.38000%
epoch: 35	train: 93.08167%	test: 89.43000%
epoch: 36	train: 93.12667%	test: 89.55000%
epoch: 37	train: 93.19833%	test: 89.20000%
epoch: 38	train: 93.13167%	test: 89.41000%
epoch: 39	train: 93.69500%	test: 89.58000%
epoch: 40	train: 93.48833%	test: 89.49000%
epoch: 41	train: 93.30667%	test: 89.13000%
epoch: 42	train: 93.20833%	test: 89.40000%
epoch: 43	train: 93.48333%	test: 89.71000%
epoch: 44	train: 93.34833%	test: 89.37000%
epoch: 45	train: 94.07167%	test: 89.90000%
epoch: 46	train: 93.98833%	test: 89.87000%
epoch: 47	train: 94.13167%	test: 89.83000%
epoch: 48	train: 92.78667%	test: 89.04000%
epoch: 49	train: 94.06500%	test: 89.75000%
Finished training
best_test_acc:90.23000%
