Training starts ...
Finished model initialization....
epoch: 0	train: 88.71500%	test: 86.84000%
0 step model saved ...
epoch: 1	train: 90.69667%	test: 88.23000%
1 step model saved ...
epoch: 2	train: 91.64333%	test: 89.15000%
2 step model saved ...
epoch: 3	train: 93.05667%	test: 89.58000%
3 step model saved ...
epoch: 4	train: 93.78000%	test: 89.33000%
epoch: 5	train: 94.45500%	test: 89.48000%
epoch: 6	train: 94.79167%	test: 89.71000%
6 step model saved ...
epoch: 7	train: 96.20167%	test: 90.00000%
7 step model saved ...
epoch: 8	train: 96.47000%	test: 90.41000%
8 step model saved ...
epoch: 9	train: 96.99167%	test: 89.72000%
epoch: 10	train: 97.09000%	test: 89.65000%
epoch: 11	train: 97.52500%	test: 89.43000%
epoch: 12	train: 97.96000%	test: 89.98000%
epoch: 13	train: 98.45667%	test: 90.32000%
epoch: 14	train: 98.26333%	test: 89.59000%
epoch: 15	train: 98.21167%	test: 89.46000%
epoch: 16	train: 98.67500%	test: 89.62000%
epoch: 17	train: 98.43167%	test: 89.64000%
epoch: 18	train: 98.85500%	test: 89.57000%
epoch: 19	train: 99.12667%	test: 89.82000%
epoch: 20	train: 98.95167%	test: 89.53000%
epoch: 21	train: 99.47667%	test: 90.17000%
epoch: 22	train: 99.28000%	test: 89.88000%
epoch: 23	train: 99.20667%	test: 90.08000%
epoch: 24	train: 99.31667%	test: 90.22000%
epoch: 25	train: 99.57000%	test: 90.06000%
epoch: 26	train: 99.50833%	test: 90.28000%
epoch: 27	train: 99.00667%	test: 90.19000%
epoch: 28	train: 99.34833%	test: 89.98000%
epoch: 29	train: 99.49833%	test: 90.29000%
epoch: 30	train: 99.55500%	test: 90.02000%
epoch: 31	train: 99.59000%	test: 90.30000%
epoch: 32	train: 99.47333%	test: 90.37000%
epoch: 33	train: 99.29167%	test: 89.98000%
epoch: 34	train: 99.65333%	test: 90.14000%
epoch: 35	train: 99.78167%	test: 90.09000%
epoch: 36	train: 99.14167%	test: 90.16000%
epoch: 37	train: 99.41000%	test: 90.38000%
epoch: 38	train: 99.52667%	test: 90.47000%
38 step model saved ...
epoch: 39	train: 99.38500%	test: 90.10000%
epoch: 40	train: 99.68667%	test: 90.17000%
epoch: 41	train: 99.82167%	test: 90.40000%
epoch: 42	train: 99.57833%	test: 89.72000%
epoch: 43	train: 99.48500%	test: 89.77000%
epoch: 44	train: 99.66167%	test: 90.50000%
44 step model saved ...
epoch: 45	train: 99.81833%	test: 90.48000%
epoch: 46	train: 99.77833%	test: 90.61000%
46 step model saved ...
epoch: 47	train: 99.80000%	test: 90.24000%
epoch: 48	train: 99.68500%	test: 90.33000%
epoch: 49	train: 99.66667%	test: 90.20000%
Finished training
best_test_acc:90.61000%
