Training starts ...
Finished model initialization....
epoch: 0	train: 89.37833%	test: 85.81000%
0 step model saved ...
epoch: 1	train: 92.54000%	test: 86.59000%
1 step model saved ...
epoch: 2	train: 94.78167%	test: 87.15000%
2 step model saved ...
epoch: 3	train: 95.79667%	test: 87.08000%
epoch: 4	train: 97.33000%	test: 87.57000%
4 step model saved ...
epoch: 5	train: 98.06667%	test: 87.00000%
epoch: 6	train: 98.36500%	test: 87.35000%
epoch: 7	train: 98.59500%	test: 87.50000%
epoch: 8	train: 99.00333%	test: 87.78000%
8 step model saved ...
epoch: 9	train: 98.43000%	test: 87.60000%
epoch: 10	train: 98.76000%	test: 87.87000%
10 step model saved ...
epoch: 11	train: 99.43500%	test: 88.14000%
11 step model saved ...
epoch: 12	train: 99.50333%	test: 88.06000%
epoch: 13	train: 98.95333%	test: 87.55000%
epoch: 14	train: 98.89167%	test: 87.48000%
epoch: 15	train: 99.21833%	test: 87.89000%
epoch: 16	train: 99.35500%	test: 88.12000%
epoch: 17	train: 98.69667%	test: 87.36000%
epoch: 18	train: 99.53333%	test: 87.96000%
epoch: 19	train: 99.39333%	test: 88.01000%
epoch: 20	train: 99.12167%	test: 87.89000%
epoch: 21	train: 98.88667%	test: 88.18000%
21 step model saved ...
epoch: 22	train: 99.75000%	test: 88.70000%
22 step model saved ...
epoch: 23	train: 99.68667%	test: 88.23000%
epoch: 24	train: 99.24333%	test: 88.23000%
epoch: 25	train: 99.24333%	test: 87.87000%
epoch: 26	train: 99.64833%	test: 88.54000%
epoch: 27	train: 99.66333%	test: 88.44000%
epoch: 28	train: 99.77333%	test: 88.91000%
28 step model saved ...
epoch: 29	train: 99.69833%	test: 88.45000%
epoch: 30	train: 99.65333%	test: 88.36000%
epoch: 31	train: 99.59500%	test: 88.41000%
epoch: 32	train: 99.64000%	test: 88.01000%
epoch: 33	train: 99.67000%	test: 88.50000%
epoch: 34	train: 99.50000%	test: 88.49000%
epoch: 35	train: 99.50500%	test: 88.23000%
epoch: 36	train: 99.81667%	test: 89.00000%
36 step model saved ...
epoch: 37	train: 99.44000%	test: 88.16000%
epoch: 38	train: 99.50167%	test: 88.26000%
epoch: 39	train: 99.59500%	test: 88.30000%
epoch: 40	train: 99.75833%	test: 88.91000%
epoch: 41	train: 99.80667%	test: 88.96000%
epoch: 42	train: 99.84833%	test: 89.16000%
42 step model saved ...
epoch: 43	train: 99.52667%	test: 88.62000%
epoch: 44	train: 99.64000%	test: 88.63000%
epoch: 45	train: 99.92000%	test: 88.95000%
epoch: 46	train: 99.94500%	test: 89.09000%
epoch: 47	train: 98.91833%	test: 88.13000%
epoch: 48	train: 99.52000%	test: 88.61000%
epoch: 49	train: 99.54833%	test: 88.66000%
Finished training
best_test_acc:89.16000%
