Training starts ...
Finished model initialization....
epoch: 0	train: 89.76833%	test: 86.63000%
0 step model saved ...
epoch: 1	train: 91.91000%	test: 87.87000%
1 step model saved ...
epoch: 2	train: 93.15667%	test: 88.34000%
2 step model saved ...
epoch: 3	train: 94.75167%	test: 88.83000%
3 step model saved ...
epoch: 4	train: 95.79833%	test: 88.54000%
epoch: 5	train: 96.20500%	test: 88.28000%
epoch: 6	train: 97.21000%	test: 89.09000%
6 step model saved ...
epoch: 7	train: 97.76000%	test: 89.11000%
7 step model saved ...
epoch: 8	train: 97.99000%	test: 89.02000%
epoch: 9	train: 98.60167%	test: 89.46000%
9 step model saved ...
epoch: 10	train: 98.69833%	test: 88.99000%
epoch: 11	train: 99.09500%	test: 89.62000%
11 step model saved ...
epoch: 12	train: 99.20333%	test: 89.04000%
epoch: 13	train: 99.10167%	test: 89.45000%
epoch: 14	train: 98.73833%	test: 89.61000%
epoch: 15	train: 99.14500%	test: 89.36000%
epoch: 16	train: 99.15000%	test: 89.54000%
epoch: 17	train: 99.31000%	test: 89.58000%
epoch: 18	train: 99.34167%	test: 89.92000%
18 step model saved ...
epoch: 19	train: 99.14667%	test: 89.43000%
epoch: 20	train: 99.57667%	test: 89.73000%
epoch: 21	train: 98.44500%	test: 88.85000%
epoch: 22	train: 99.56500%	test: 89.79000%
epoch: 23	train: 99.43000%	test: 89.64000%
epoch: 24	train: 99.19167%	test: 89.50000%
epoch: 25	train: 99.60500%	test: 89.56000%
epoch: 26	train: 99.45333%	test: 89.61000%
epoch: 27	train: 99.35333%	test: 89.54000%
epoch: 28	train: 99.58167%	test: 89.61000%
epoch: 29	train: 99.47000%	test: 89.69000%
epoch: 30	train: 99.49000%	test: 89.62000%
epoch: 31	train: 99.44500%	test: 89.38000%
epoch: 32	train: 99.79000%	test: 90.35000%
32 step model saved ...
epoch: 33	train: 99.75667%	test: 89.96000%
epoch: 34	train: 99.77167%	test: 89.95000%
epoch: 35	train: 99.67833%	test: 89.85000%
epoch: 36	train: 99.64500%	test: 89.88000%
epoch: 37	train: 99.66333%	test: 90.05000%
epoch: 38	train: 99.69167%	test: 89.85000%
epoch: 39	train: 99.72500%	test: 90.06000%
epoch: 40	train: 99.55333%	test: 89.81000%
epoch: 41	train: 99.80833%	test: 90.25000%
epoch: 42	train: 99.74667%	test: 89.90000%
epoch: 43	train: 99.48833%	test: 89.69000%
epoch: 44	train: 99.74500%	test: 89.82000%
epoch: 45	train: 99.71833%	test: 89.66000%
epoch: 46	train: 99.50333%	test: 89.65000%
epoch: 47	train: 99.91833%	test: 90.11000%
epoch: 48	train: 99.65000%	test: 89.97000%
epoch: 49	train: 99.55000%	test: 89.80000%
Finished training
best_test_acc:90.35000%
