Training starts ...
Finished model initialization....
epoch: 0	train: 85.41667%	test: 84.23000%
0 step model saved ...
epoch: 1	train: 87.64833%	test: 86.50000%
1 step model saved ...
epoch: 2	train: 88.37833%	test: 86.90000%
2 step model saved ...
epoch: 3	train: 90.19167%	test: 88.56000%
3 step model saved ...
epoch: 4	train: 89.87333%	test: 87.87000%
epoch: 5	train: 90.86167%	test: 88.65000%
5 step model saved ...
epoch: 6	train: 90.88167%	test: 88.73000%
6 step model saved ...
epoch: 7	train: 91.18500%	test: 88.75000%
7 step model saved ...
epoch: 8	train: 91.69167%	test: 88.85000%
8 step model saved ...
epoch: 9	train: 90.79667%	test: 88.67000%
epoch: 10	train: 91.85167%	test: 88.84000%
epoch: 11	train: 91.31667%	test: 88.17000%
epoch: 12	train: 92.15833%	test: 89.42000%
12 step model saved ...
epoch: 13	train: 92.24500%	test: 89.04000%
epoch: 14	train: 92.45500%	test: 89.03000%
epoch: 15	train: 92.97500%	test: 89.54000%
15 step model saved ...
epoch: 16	train: 92.92000%	test: 89.15000%
epoch: 17	train: 92.47167%	test: 89.04000%
epoch: 18	train: 92.77167%	test: 89.45000%
epoch: 19	train: 92.97333%	test: 89.06000%
epoch: 20	train: 91.70333%	test: 87.93000%
epoch: 21	train: 93.10000%	test: 89.04000%
epoch: 22	train: 93.69333%	test: 89.42000%
epoch: 23	train: 93.65833%	test: 89.61000%
23 step model saved ...
epoch: 24	train: 93.37833%	test: 89.20000%
epoch: 25	train: 93.29167%	test: 89.17000%
epoch: 26	train: 93.28167%	test: 89.25000%
epoch: 27	train: 93.85000%	test: 89.19000%
epoch: 28	train: 93.57500%	test: 89.52000%
epoch: 29	train: 93.74000%	test: 89.14000%
epoch: 30	train: 93.47500%	test: 89.41000%
epoch: 31	train: 93.76500%	test: 89.38000%
epoch: 32	train: 93.60167%	test: 89.08000%
epoch: 33	train: 93.74167%	test: 89.11000%
epoch: 34	train: 93.57000%	test: 88.88000%
epoch: 35	train: 93.58333%	test: 88.54000%
epoch: 36	train: 93.53167%	test: 88.94000%
epoch: 37	train: 93.64667%	test: 88.69000%
epoch: 38	train: 93.94500%	test: 89.04000%
epoch: 39	train: 94.13833%	test: 89.64000%
39 step model saved ...
epoch: 40	train: 93.80500%	test: 88.95000%
epoch: 41	train: 93.78833%	test: 88.80000%
epoch: 42	train: 94.67000%	test: 89.31000%
epoch: 43	train: 94.27167%	test: 89.10000%
epoch: 44	train: 94.31000%	test: 89.50000%
epoch: 45	train: 94.02500%	test: 89.15000%
epoch: 46	train: 94.07667%	test: 89.26000%
epoch: 47	train: 94.31167%	test: 88.83000%
epoch: 48	train: 94.20167%	test: 89.14000%
epoch: 49	train: 94.55833%	test: 89.43000%
Finished training
best_test_acc:89.64000%
