Training starts ...
Finished model initialization....
epoch: 0	train: 43.47833%	test: 42.08000%
0 step model saved ...
epoch: 1	train: 51.33333%	test: 51.65000%
1 step model saved ...
epoch: 2	train: 58.02000%	test: 57.00000%
2 step model saved ...
epoch: 3	train: 60.58333%	test: 60.20000%
3 step model saved ...
epoch: 4	train: 61.50333%	test: 61.06000%
4 step model saved ...
epoch: 5	train: 59.68167%	test: 58.96000%
epoch: 6	train: 65.16500%	test: 64.38000%
6 step model saved ...
epoch: 7	train: 64.76333%	test: 64.00000%
epoch: 8	train: 60.93167%	test: 60.28000%
epoch: 9	train: 57.27833%	test: 56.22000%
epoch: 10	train: 62.27167%	test: 61.16000%
epoch: 11	train: 54.10833%	test: 53.44000%
epoch: 12	train: 58.63833%	test: 57.50000%
epoch: 13	train: 64.02333%	test: 63.21000%
epoch: 14	train: 54.57500%	test: 54.00000%
epoch: 15	train: 58.54500%	test: 58.24000%
epoch: 16	train: 63.71167%	test: 63.17000%
epoch: 17	train: 66.21167%	test: 65.23000%
17 step model saved ...
epoch: 18	train: 63.95833%	test: 63.48000%
epoch: 19	train: 58.90500%	test: 58.02000%
epoch: 20	train: 49.01667%	test: 48.50000%
epoch: 21	train: 62.74167%	test: 62.03000%
epoch: 22	train: 59.98000%	test: 58.90000%
epoch: 23	train: 57.86167%	test: 57.06000%
epoch: 24	train: 60.08167%	test: 59.03000%
epoch: 25	train: 61.89000%	test: 61.32000%
epoch: 26	train: 59.19333%	test: 58.43000%
epoch: 27	train: 60.54500%	test: 59.65000%
epoch: 28	train: 62.65333%	test: 61.84000%
epoch: 29	train: 61.53000%	test: 60.78000%
epoch: 30	train: 62.09500%	test: 61.28000%
epoch: 31	train: 62.61500%	test: 61.84000%
epoch: 32	train: 62.71500%	test: 61.59000%
epoch: 33	train: 59.00000%	test: 57.84000%
epoch: 34	train: 61.74167%	test: 61.01000%
epoch: 35	train: 60.06833%	test: 59.59000%
epoch: 36	train: 56.54167%	test: 55.70000%
epoch: 37	train: 66.45333%	test: 65.00000%
epoch: 38	train: 53.99667%	test: 53.36000%
epoch: 39	train: 60.20000%	test: 59.84000%
epoch: 40	train: 59.02167%	test: 58.54000%
epoch: 41	train: 67.41667%	test: 66.29000%
41 step model saved ...
epoch: 42	train: 57.16167%	test: 56.90000%
epoch: 43	train: 62.10667%	test: 61.59000%
epoch: 44	train: 61.68333%	test: 60.84000%
epoch: 45	train: 64.18833%	test: 63.58000%
epoch: 46	train: 64.46500%	test: 64.07000%
epoch: 47	train: 65.26333%	test: 64.37000%
epoch: 48	train: 63.82167%	test: 63.05000%
epoch: 49	train: 60.11000%	test: 58.93000%
Finished training
best_test_acc:66.29000%
