Training starts ...
Finished model initialization....
epoch: 0	train: 86.08833%	test: 83.33000%
0 step model saved ...
epoch: 1	train: 91.19167%	test: 86.96000%
1 step model saved ...
epoch: 2	train: 91.49500%	test: 87.28000%
2 step model saved ...
epoch: 3	train: 93.25667%	test: 87.62000%
3 step model saved ...
epoch: 4	train: 94.66333%	test: 88.62000%
4 step model saved ...
epoch: 5	train: 95.95167%	test: 88.69000%
5 step model saved ...
epoch: 6	train: 96.54167%	test: 88.66000%
epoch: 7	train: 96.57333%	test: 88.86000%
7 step model saved ...
epoch: 8	train: 96.47667%	test: 87.66000%
epoch: 9	train: 98.01000%	test: 88.97000%
9 step model saved ...
epoch: 10	train: 98.00500%	test: 88.57000%
epoch: 11	train: 98.00000%	test: 88.36000%
epoch: 12	train: 98.55833%	test: 88.69000%
epoch: 13	train: 98.25667%	test: 88.95000%
epoch: 14	train: 99.03000%	test: 89.09000%
14 step model saved ...
epoch: 15	train: 98.85500%	test: 88.96000%
epoch: 16	train: 98.75167%	test: 89.43000%
16 step model saved ...
epoch: 17	train: 99.09833%	test: 89.39000%
epoch: 18	train: 99.27333%	test: 89.24000%
epoch: 19	train: 99.04333%	test: 88.95000%
epoch: 20	train: 99.37833%	test: 89.40000%
epoch: 21	train: 98.93333%	test: 88.81000%
epoch: 22	train: 98.83333%	test: 88.87000%
epoch: 23	train: 99.04833%	test: 88.78000%
epoch: 24	train: 99.34833%	test: 89.20000%
epoch: 25	train: 99.24167%	test: 89.31000%
epoch: 26	train: 99.50333%	test: 88.99000%
epoch: 27	train: 99.45333%	test: 89.45000%
27 step model saved ...
epoch: 28	train: 99.69833%	test: 89.62000%
28 step model saved ...
epoch: 29	train: 99.48333%	test: 89.45000%
epoch: 30	train: 99.45000%	test: 89.82000%
30 step model saved ...
epoch: 31	train: 99.12000%	test: 88.90000%
epoch: 32	train: 99.71000%	test: 89.87000%
32 step model saved ...
epoch: 33	train: 99.48167%	test: 89.22000%
epoch: 34	train: 99.76667%	test: 89.66000%
epoch: 35	train: 99.50333%	test: 89.32000%
epoch: 36	train: 99.83167%	test: 89.66000%
epoch: 37	train: 99.41667%	test: 88.73000%
epoch: 38	train: 99.54333%	test: 89.43000%
epoch: 39	train: 99.62333%	test: 89.22000%
epoch: 40	train: 99.73667%	test: 89.64000%
epoch: 41	train: 99.61500%	test: 89.13000%
epoch: 42	train: 99.49500%	test: 89.26000%
epoch: 43	train: 99.73333%	test: 89.30000%
epoch: 44	train: 99.49000%	test: 89.00000%
epoch: 45	train: 99.48833%	test: 89.12000%
epoch: 46	train: 99.79000%	test: 89.41000%
epoch: 47	train: 99.48167%	test: 89.14000%
epoch: 48	train: 99.56167%	test: 89.05000%
epoch: 49	train: 99.81667%	test: 89.80000%
Finished training
best_test_acc:89.87000%
