Training starts ...
Finished model initialization....
epoch: 0	train: 87.87333%	test: 85.29000%
0 step model saved ...
epoch: 1	train: 90.62333%	test: 87.19000%
1 step model saved ...
epoch: 2	train: 91.66000%	test: 87.33000%
2 step model saved ...
epoch: 3	train: 93.69500%	test: 88.29000%
3 step model saved ...
epoch: 4	train: 93.84000%	test: 87.79000%
epoch: 5	train: 95.43500%	test: 88.23000%
epoch: 6	train: 96.02667%	test: 88.19000%
epoch: 7	train: 96.30000%	test: 88.39000%
7 step model saved ...
epoch: 8	train: 97.18167%	test: 88.62000%
8 step model saved ...
epoch: 9	train: 97.62500%	test: 88.01000%
epoch: 10	train: 97.70833%	test: 88.30000%
epoch: 11	train: 97.75500%	test: 88.39000%
epoch: 12	train: 98.36667%	test: 88.42000%
epoch: 13	train: 98.24667%	test: 88.04000%
epoch: 14	train: 98.85333%	test: 88.49000%
epoch: 15	train: 98.93833%	test: 88.64000%
15 step model saved ...
epoch: 16	train: 98.78833%	test: 88.74000%
16 step model saved ...
epoch: 17	train: 99.24667%	test: 88.72000%
epoch: 18	train: 99.00833%	test: 88.61000%
epoch: 19	train: 98.93667%	test: 88.32000%
epoch: 20	train: 99.31500%	test: 89.00000%
20 step model saved ...
epoch: 21	train: 99.17333%	test: 88.66000%
epoch: 22	train: 99.24333%	test: 88.45000%
epoch: 23	train: 98.59833%	test: 87.99000%
epoch: 24	train: 99.52333%	test: 88.91000%
epoch: 25	train: 99.27167%	test: 88.63000%
epoch: 26	train: 99.31333%	test: 88.70000%
epoch: 27	train: 99.47000%	test: 88.52000%
epoch: 28	train: 99.35667%	test: 88.81000%
epoch: 29	train: 99.55000%	test: 88.61000%
epoch: 30	train: 99.31500%	test: 88.85000%
epoch: 31	train: 99.37167%	test: 88.67000%
epoch: 32	train: 99.49167%	test: 88.66000%
epoch: 33	train: 99.52333%	test: 89.18000%
33 step model saved ...
epoch: 34	train: 99.41333%	test: 88.90000%
epoch: 35	train: 99.59333%	test: 88.91000%
epoch: 36	train: 99.54333%	test: 88.59000%
epoch: 37	train: 99.52333%	test: 88.57000%
epoch: 38	train: 99.74000%	test: 89.06000%
epoch: 39	train: 99.55500%	test: 89.06000%
epoch: 40	train: 99.54833%	test: 88.94000%
epoch: 41	train: 99.71500%	test: 88.73000%
epoch: 42	train: 99.53667%	test: 88.74000%
epoch: 43	train: 99.71333%	test: 88.96000%
epoch: 44	train: 99.44500%	test: 88.82000%
epoch: 45	train: 99.53833%	test: 89.06000%
epoch: 46	train: 99.81833%	test: 89.26000%
46 step model saved ...
epoch: 47	train: 99.51833%	test: 89.08000%
epoch: 48	train: 99.68333%	test: 89.14000%
epoch: 49	train: 99.66167%	test: 89.05000%
Finished training
best_test_acc:89.26000%
