Training starts ...
Finished model initialization....
epoch: 0	train: 85.68667%	test: 84.75000%
0 step model saved ...
epoch: 1	train: 90.08833%	test: 88.54000%
1 step model saved ...
epoch: 2	train: 90.04500%	test: 88.15000%
epoch: 3	train: 90.49000%	test: 88.66000%
3 step model saved ...
epoch: 4	train: 92.20000%	test: 90.24000%
4 step model saved ...
epoch: 5	train: 92.31833%	test: 90.08000%
epoch: 6	train: 93.67000%	test: 90.77000%
6 step model saved ...
epoch: 7	train: 93.92167%	test: 91.09000%
7 step model saved ...
epoch: 8	train: 93.86833%	test: 89.90000%
epoch: 9	train: 94.06833%	test: 90.34000%
epoch: 10	train: 95.79833%	test: 91.24000%
10 step model saved ...
epoch: 11	train: 96.34167%	test: 91.38000%
11 step model saved ...
epoch: 12	train: 96.68667%	test: 91.56000%
12 step model saved ...
epoch: 13	train: 96.51833%	test: 91.04000%
epoch: 14	train: 95.32000%	test: 90.19000%
epoch: 15	train: 97.50833%	test: 91.06000%
epoch: 16	train: 97.55667%	test: 90.72000%
epoch: 17	train: 97.87667%	test: 90.70000%
epoch: 18	train: 98.63167%	test: 91.45000%
epoch: 19	train: 98.59833%	test: 91.04000%
epoch: 20	train: 98.86667%	test: 91.32000%
epoch: 21	train: 98.30333%	test: 90.69000%
epoch: 22	train: 99.12500%	test: 91.53000%
epoch: 23	train: 99.32667%	test: 91.50000%
epoch: 24	train: 99.23167%	test: 91.63000%
24 step model saved ...
epoch: 25	train: 99.26667%	test: 91.58000%
epoch: 26	train: 99.01667%	test: 90.90000%
epoch: 27	train: 98.91167%	test: 90.69000%
epoch: 28	train: 99.22333%	test: 91.28000%
epoch: 29	train: 99.28167%	test: 91.01000%
epoch: 30	train: 99.32167%	test: 91.36000%
epoch: 31	train: 99.35333%	test: 91.38000%
epoch: 32	train: 99.43000%	test: 91.10000%
epoch: 33	train: 99.45833%	test: 91.11000%
epoch: 34	train: 99.65833%	test: 91.48000%
epoch: 35	train: 99.35333%	test: 91.25000%
epoch: 36	train: 99.54000%	test: 91.07000%
epoch: 37	train: 99.45667%	test: 91.08000%
epoch: 38	train: 99.63000%	test: 91.32000%
epoch: 39	train: 99.62500%	test: 91.09000%
epoch: 40	train: 99.77667%	test: 91.32000%
epoch: 41	train: 99.66000%	test: 91.46000%
epoch: 42	train: 99.71167%	test: 91.33000%
epoch: 43	train: 99.42667%	test: 91.23000%
epoch: 44	train: 99.77833%	test: 91.15000%
epoch: 45	train: 99.46833%	test: 91.17000%
epoch: 46	train: 99.52333%	test: 91.02000%
epoch: 47	train: 99.40667%	test: 90.96000%
epoch: 48	train: 99.78167%	test: 91.37000%
epoch: 49	train: 99.66000%	test: 91.17000%
Finished training
best_test_acc:91.63000%
