Training starts ...
Finished model initialization....
epoch: 0	train: 36.99667%	test: 36.31000%
0 step model saved ...
epoch: 1	train: 47.83000%	test: 47.94000%
1 step model saved ...
epoch: 2	train: 50.09667%	test: 50.21000%
2 step model saved ...
epoch: 3	train: 48.55333%	test: 48.84000%
epoch: 4	train: 51.74333%	test: 52.07000%
4 step model saved ...
epoch: 5	train: 49.59500%	test: 49.65000%
epoch: 6	train: 50.25333%	test: 50.67000%
epoch: 7	train: 50.43833%	test: 50.27000%
epoch: 8	train: 51.11000%	test: 51.14000%
epoch: 9	train: 50.19167%	test: 50.22000%
epoch: 10	train: 49.04000%	test: 48.93000%
epoch: 11	train: 51.63500%	test: 51.46000%
epoch: 12	train: 51.02667%	test: 50.46000%
epoch: 13	train: 54.59333%	test: 54.69000%
13 step model saved ...
epoch: 14	train: 48.54667%	test: 47.56000%
epoch: 15	train: 55.45500%	test: 55.38000%
15 step model saved ...
epoch: 16	train: 55.20167%	test: 55.12000%
epoch: 17	train: 53.56167%	test: 53.27000%
epoch: 18	train: 57.34000%	test: 57.30000%
18 step model saved ...
epoch: 19	train: 54.96167%	test: 54.64000%
epoch: 20	train: 50.15000%	test: 50.07000%
epoch: 21	train: 53.44833%	test: 53.33000%
epoch: 22	train: 52.22667%	test: 52.21000%
epoch: 23	train: 50.50167%	test: 49.64000%
epoch: 24	train: 52.32667%	test: 52.05000%
epoch: 25	train: 54.19167%	test: 53.83000%
epoch: 26	train: 55.31167%	test: 55.23000%
epoch: 27	train: 52.78833%	test: 52.24000%
epoch: 28	train: 54.71500%	test: 54.98000%
epoch: 29	train: 56.92333%	test: 56.98000%
epoch: 30	train: 50.11000%	test: 49.81000%
epoch: 31	train: 54.46167%	test: 54.46000%
epoch: 32	train: 55.14167%	test: 54.54000%
epoch: 33	train: 49.43500%	test: 49.36000%
epoch: 34	train: 57.65667%	test: 57.21000%
epoch: 35	train: 58.98833%	test: 58.47000%
35 step model saved ...
epoch: 36	train: 52.13167%	test: 51.88000%
epoch: 37	train: 58.20000%	test: 58.15000%
epoch: 38	train: 58.52500%	test: 57.76000%
epoch: 39	train: 56.04833%	test: 55.67000%
epoch: 40	train: 56.59833%	test: 56.25000%
epoch: 41	train: 49.38667%	test: 49.75000%
epoch: 42	train: 52.61500%	test: 52.32000%
epoch: 43	train: 58.40333%	test: 58.11000%
epoch: 44	train: 52.04000%	test: 52.08000%
epoch: 45	train: 55.64500%	test: 55.26000%
epoch: 46	train: 57.98167%	test: 57.60000%
epoch: 47	train: 62.69000%	test: 62.21000%
47 step model saved ...
epoch: 48	train: 60.65000%	test: 60.30000%
epoch: 49	train: 56.84500%	test: 56.41000%
Finished training
best_test_acc:62.21000%
