Training starts ...
Finished model initialization....
epoch: 0	train: 15.98833%	test: 15.40000%
0 step model saved ...
epoch: 1	train: 28.66500%	test: 28.20000%
1 step model saved ...
epoch: 2	train: 40.31000%	test: 39.01000%
2 step model saved ...
epoch: 3	train: 34.53333%	test: 34.17000%
epoch: 4	train: 50.03833%	test: 49.39000%
4 step model saved ...
epoch: 5	train: 36.32667%	test: 36.07000%
epoch: 6	train: 31.80333%	test: 31.10000%
epoch: 7	train: 33.27167%	test: 32.59000%
epoch: 8	train: 42.22667%	test: 42.00000%
epoch: 9	train: 22.38333%	test: 21.64000%
epoch: 10	train: 36.56667%	test: 35.74000%
epoch: 11	train: 44.86833%	test: 44.12000%
epoch: 12	train: 44.84000%	test: 44.35000%
epoch: 13	train: 33.26500%	test: 33.07000%
epoch: 14	train: 47.96000%	test: 47.56000%
epoch: 15	train: 27.22000%	test: 26.78000%
epoch: 16	train: 26.09833%	test: 25.70000%
epoch: 17	train: 36.19667%	test: 36.11000%
epoch: 18	train: 30.46500%	test: 29.87000%
epoch: 19	train: 20.12833%	test: 19.94000%
epoch: 20	train: 44.80667%	test: 44.81000%
epoch: 21	train: 47.28667%	test: 47.33000%
epoch: 22	train: 31.59167%	test: 31.19000%
epoch: 23	train: 35.40500%	test: 35.01000%
epoch: 24	train: 49.10000%	test: 49.27000%
epoch: 25	train: 33.27333%	test: 32.84000%
epoch: 26	train: 40.54167%	test: 40.23000%
epoch: 27	train: 50.01333%	test: 49.35000%
epoch: 28	train: 28.18833%	test: 27.59000%
epoch: 29	train: 33.50500%	test: 33.58000%
epoch: 30	train: 40.15000%	test: 40.28000%
epoch: 31	train: 44.67000%	test: 44.39000%
epoch: 32	train: 36.67000%	test: 36.62000%
epoch: 33	train: 38.45667%	test: 37.91000%
epoch: 34	train: 38.02167%	test: 37.81000%
epoch: 35	train: 45.93500%	test: 45.94000%
epoch: 36	train: 38.83333%	test: 38.22000%
epoch: 37	train: 36.78667%	test: 36.31000%
epoch: 38	train: 42.06000%	test: 41.23000%
epoch: 39	train: 27.01833%	test: 26.42000%
epoch: 40	train: 34.85667%	test: 34.38000%
epoch: 41	train: 39.93667%	test: 39.58000%
epoch: 42	train: 38.47833%	test: 38.00000%
epoch: 43	train: 36.47500%	test: 35.90000%
epoch: 44	train: 34.35333%	test: 33.52000%
epoch: 45	train: 52.35167%	test: 51.78000%
45 step model saved ...
epoch: 46	train: 37.82000%	test: 37.17000%
epoch: 47	train: 41.98833%	test: 41.65000%
epoch: 48	train: 44.07667%	test: 43.44000%
epoch: 49	train: 37.07333%	test: 36.73000%
Finished training
best_test_acc:51.78000%
