Training starts ...
Finished model initialization....
epoch: 0	train: 87.37167%	test: 85.17000%
0 step model saved ...
epoch: 1	train: 90.03833%	test: 86.82000%
1 step model saved ...
epoch: 2	train: 92.50667%	test: 88.16000%
2 step model saved ...
epoch: 3	train: 92.96500%	test: 87.78000%
epoch: 4	train: 94.80167%	test: 88.97000%
4 step model saved ...
epoch: 5	train: 95.25333%	test: 88.59000%
epoch: 6	train: 96.51667%	test: 88.93000%
epoch: 7	train: 96.25500%	test: 88.39000%
epoch: 8	train: 96.60333%	test: 88.13000%
epoch: 9	train: 97.48167%	test: 88.41000%
epoch: 10	train: 97.41500%	test: 88.61000%
epoch: 11	train: 98.38333%	test: 88.85000%
epoch: 12	train: 98.67333%	test: 89.01000%
12 step model saved ...
epoch: 13	train: 98.47500%	test: 89.06000%
13 step model saved ...
epoch: 14	train: 98.27167%	test: 88.58000%
epoch: 15	train: 98.38667%	test: 88.81000%
epoch: 16	train: 98.50833%	test: 88.89000%
epoch: 17	train: 99.01000%	test: 89.11000%
17 step model saved ...
epoch: 18	train: 99.27000%	test: 89.52000%
18 step model saved ...
epoch: 19	train: 99.38167%	test: 89.70000%
19 step model saved ...
epoch: 20	train: 98.98667%	test: 89.22000%
epoch: 21	train: 98.75000%	test: 88.84000%
epoch: 22	train: 99.46333%	test: 89.63000%
epoch: 23	train: 98.79667%	test: 89.13000%
epoch: 24	train: 99.48333%	test: 89.49000%
epoch: 25	train: 99.57500%	test: 89.28000%
epoch: 26	train: 99.42333%	test: 89.23000%
epoch: 27	train: 99.36667%	test: 89.03000%
epoch: 28	train: 99.47333%	test: 89.44000%
epoch: 29	train: 99.16667%	test: 89.19000%
epoch: 30	train: 98.98833%	test: 88.82000%
epoch: 31	train: 99.48833%	test: 89.51000%
epoch: 32	train: 99.68167%	test: 89.84000%
32 step model saved ...
epoch: 33	train: 99.64667%	test: 89.49000%
epoch: 34	train: 99.42167%	test: 89.24000%
epoch: 35	train: 99.63333%	test: 89.43000%
epoch: 36	train: 99.60500%	test: 89.25000%
epoch: 37	train: 99.44333%	test: 89.29000%
epoch: 38	train: 99.47000%	test: 89.38000%
epoch: 39	train: 99.62167%	test: 90.03000%
39 step model saved ...
epoch: 40	train: 99.45000%	test: 89.28000%
epoch: 41	train: 99.61000%	test: 89.71000%
epoch: 42	train: 99.79833%	test: 89.74000%
epoch: 43	train: 99.53667%	test: 89.70000%
epoch: 44	train: 99.68000%	test: 90.11000%
44 step model saved ...
epoch: 45	train: 99.19500%	test: 89.29000%
epoch: 46	train: 99.70000%	test: 90.10000%
epoch: 47	train: 99.75667%	test: 89.89000%
epoch: 48	train: 99.11667%	test: 89.57000%
epoch: 49	train: 99.72500%	test: 89.69000%
Finished training
best_test_acc:90.11000%
