Training starts ...
Finished model initialization....
epoch: 0	train: 39.05667%	test: 38.47000%
0 step model saved ...
epoch: 1	train: 39.12167%	test: 38.47000%
1 step model saved ...
epoch: 2	train: 54.78833%	test: 53.88000%
2 step model saved ...
epoch: 3	train: 51.51833%	test: 50.73000%
epoch: 4	train: 55.54500%	test: 55.00000%
4 step model saved ...
epoch: 5	train: 56.36500%	test: 55.42000%
5 step model saved ...
epoch: 6	train: 54.71333%	test: 53.74000%
epoch: 7	train: 54.48667%	test: 53.22000%
epoch: 8	train: 50.73667%	test: 49.26000%
epoch: 9	train: 53.21833%	test: 52.78000%
epoch: 10	train: 54.20000%	test: 53.32000%
epoch: 11	train: 57.62167%	test: 56.67000%
11 step model saved ...
epoch: 12	train: 54.32333%	test: 53.27000%
epoch: 13	train: 53.07333%	test: 52.19000%
epoch: 14	train: 49.93333%	test: 49.73000%
epoch: 15	train: 55.25667%	test: 54.63000%
epoch: 16	train: 58.20167%	test: 57.54000%
16 step model saved ...
epoch: 17	train: 56.41000%	test: 55.19000%
epoch: 18	train: 52.17000%	test: 51.47000%
epoch: 19	train: 58.46167%	test: 57.24000%
epoch: 20	train: 58.54333%	test: 57.96000%
20 step model saved ...
epoch: 21	train: 54.82167%	test: 54.62000%
epoch: 22	train: 57.94833%	test: 57.20000%
epoch: 23	train: 52.57833%	test: 51.93000%
epoch: 24	train: 55.57500%	test: 55.21000%
epoch: 25	train: 52.04500%	test: 51.50000%
epoch: 26	train: 55.54667%	test: 55.25000%
epoch: 27	train: 52.66500%	test: 51.81000%
epoch: 28	train: 54.54000%	test: 53.77000%
epoch: 29	train: 53.03667%	test: 52.80000%
epoch: 30	train: 56.42167%	test: 56.21000%
epoch: 31	train: 57.03000%	test: 56.63000%
epoch: 32	train: 49.22167%	test: 49.09000%
epoch: 33	train: 55.90667%	test: 55.85000%
epoch: 34	train: 58.20167%	test: 57.59000%
epoch: 35	train: 53.25000%	test: 52.87000%
epoch: 36	train: 61.57500%	test: 60.54000%
36 step model saved ...
epoch: 37	train: 53.76167%	test: 53.51000%
epoch: 38	train: 56.00000%	test: 55.28000%
epoch: 39	train: 51.67000%	test: 51.21000%
epoch: 40	train: 55.76667%	test: 55.18000%
epoch: 41	train: 56.31167%	test: 55.95000%
epoch: 42	train: 53.96667%	test: 53.87000%
epoch: 43	train: 57.27333%	test: 56.90000%
epoch: 44	train: 50.72000%	test: 50.31000%
epoch: 45	train: 50.91833%	test: 50.74000%
epoch: 46	train: 54.89333%	test: 53.78000%
epoch: 47	train: 58.53500%	test: 57.85000%
epoch: 48	train: 55.96833%	test: 55.51000%
epoch: 49	train: 60.31667%	test: 59.97000%
Finished training
best_test_acc:60.54000%
