Training starts ...
Finished model initialization....
epoch: 0	train: 85.77167%	test: 83.98000%
0 step model saved ...
epoch: 1	train: 89.13333%	test: 86.96000%
1 step model saved ...
epoch: 2	train: 87.65500%	test: 86.01000%
epoch: 3	train: 90.86667%	test: 88.66000%
3 step model saved ...
epoch: 4	train: 90.64167%	test: 87.45000%
epoch: 5	train: 45.67333%	test: 45.57000%
epoch: 6	train: 89.00000%	test: 87.60000%
epoch: 7	train: 90.62500%	test: 88.65000%
epoch: 8	train: 88.99333%	test: 87.37000%
epoch: 9	train: 91.40500%	test: 89.32000%
9 step model saved ...
epoch: 10	train: 92.49000%	test: 89.87000%
10 step model saved ...
epoch: 11	train: 92.42167%	test: 89.96000%
11 step model saved ...
epoch: 12	train: 93.44833%	test: 90.91000%
12 step model saved ...
epoch: 13	train: 93.03833%	test: 89.71000%
epoch: 14	train: 92.07000%	test: 89.92000%
epoch: 15	train: 92.45667%	test: 90.11000%
epoch: 16	train: 93.85167%	test: 90.97000%
16 step model saved ...
epoch: 17	train: 94.02000%	test: 90.56000%
epoch: 18	train: 94.41833%	test: 90.28000%
epoch: 19	train: 95.51167%	test: 90.97000%
19 step model saved ...
epoch: 20	train: 95.65333%	test: 90.99000%
20 step model saved ...
epoch: 21	train: 95.15833%	test: 90.39000%
epoch: 22	train: 96.55333%	test: 91.66000%
22 step model saved ...
epoch: 23	train: 96.72500%	test: 91.26000%
epoch: 24	train: 97.27667%	test: 91.06000%
epoch: 25	train: 97.16667%	test: 91.38000%
epoch: 26	train: 97.31000%	test: 90.82000%
epoch: 27	train: 96.33167%	test: 90.18000%
epoch: 28	train: 98.01833%	test: 91.30000%
epoch: 29	train: 97.31833%	test: 90.82000%
epoch: 30	train: 97.10500%	test: 90.92000%
epoch: 31	train: 98.73333%	test: 91.41000%
epoch: 32	train: 98.54667%	test: 91.25000%
epoch: 33	train: 97.22500%	test: 90.66000%
epoch: 34	train: 98.54667%	test: 91.17000%
epoch: 35	train: 98.68500%	test: 90.75000%
epoch: 36	train: 98.96000%	test: 91.42000%
epoch: 37	train: 98.42667%	test: 91.23000%
epoch: 38	train: 98.37000%	test: 91.06000%
epoch: 39	train: 98.69167%	test: 91.06000%
epoch: 40	train: 99.34667%	test: 91.18000%
epoch: 41	train: 99.34667%	test: 91.29000%
epoch: 42	train: 99.10167%	test: 90.92000%
epoch: 43	train: 99.03333%	test: 91.21000%
epoch: 44	train: 99.23667%	test: 91.29000%
epoch: 45	train: 99.12667%	test: 91.28000%
epoch: 46	train: 98.67000%	test: 90.84000%
epoch: 47	train: 97.49833%	test: 90.38000%
epoch: 48	train: 99.50333%	test: 91.16000%
epoch: 49	train: 99.62667%	test: 91.71000%
49 step model saved ...
Finished training
best_test_acc:91.71000%
