Training starts ...
Finished model initialization....
epoch: 0	train: 86.40667%	test: 84.95000%
0 step model saved ...
epoch: 1	train: 88.77833%	test: 86.70000%
1 step model saved ...
epoch: 2	train: 90.28833%	test: 87.48000%
2 step model saved ...
epoch: 3	train: 92.50333%	test: 89.27000%
3 step model saved ...
epoch: 4	train: 93.23833%	test: 89.49000%
4 step model saved ...
epoch: 5	train: 93.71833%	test: 89.96000%
5 step model saved ...
epoch: 6	train: 94.34500%	test: 89.90000%
epoch: 7	train: 93.88333%	test: 89.06000%
epoch: 8	train: 94.02833%	test: 88.49000%
epoch: 9	train: 94.21167%	test: 88.64000%
epoch: 10	train: 94.96500%	test: 88.47000%
epoch: 11	train: 96.00500%	test: 89.55000%
epoch: 12	train: 95.65333%	test: 89.15000%
epoch: 13	train: 95.32667%	test: 88.74000%
epoch: 14	train: 97.13333%	test: 90.11000%
14 step model saved ...
epoch: 15	train: 96.62333%	test: 89.59000%
epoch: 16	train: 97.80333%	test: 90.44000%
16 step model saved ...
epoch: 17	train: 97.59333%	test: 89.80000%
epoch: 18	train: 98.18667%	test: 90.42000%
epoch: 19	train: 97.83833%	test: 89.95000%
epoch: 20	train: 97.72167%	test: 89.80000%
epoch: 21	train: 97.80667%	test: 89.66000%
epoch: 22	train: 98.99833%	test: 90.78000%
22 step model saved ...
epoch: 23	train: 97.58667%	test: 89.57000%
epoch: 24	train: 98.96667%	test: 90.22000%
epoch: 25	train: 98.66667%	test: 90.11000%
epoch: 26	train: 97.80667%	test: 89.66000%
epoch: 27	train: 98.34000%	test: 89.39000%
epoch: 28	train: 98.46667%	test: 89.80000%
epoch: 29	train: 98.69000%	test: 90.41000%
epoch: 30	train: 99.02667%	test: 90.60000%
epoch: 31	train: 99.09333%	test: 90.11000%
epoch: 32	train: 99.11833%	test: 90.63000%
epoch: 33	train: 98.40500%	test: 90.15000%
epoch: 34	train: 99.68667%	test: 90.91000%
34 step model saved ...
epoch: 35	train: 98.92833%	test: 90.04000%
epoch: 36	train: 98.96000%	test: 90.28000%
epoch: 37	train: 99.22000%	test: 90.60000%
epoch: 38	train: 99.16500%	test: 90.02000%
epoch: 39	train: 99.30500%	test: 90.44000%
epoch: 40	train: 99.40000%	test: 90.93000%
40 step model saved ...
epoch: 41	train: 99.16667%	test: 90.47000%
epoch: 42	train: 99.31833%	test: 90.22000%
epoch: 43	train: 99.01000%	test: 90.12000%
epoch: 44	train: 99.26167%	test: 90.63000%
epoch: 45	train: 99.47000%	test: 90.20000%
epoch: 46	train: 99.35500%	test: 90.34000%
epoch: 47	train: 99.65333%	test: 90.97000%
47 step model saved ...
epoch: 48	train: 99.37167%	test: 90.67000%
epoch: 49	train: 99.44167%	test: 90.38000%
Finished training
best_test_acc:90.97000%
