Training starts ...
Finished model initialization....
epoch: 0	train: 74.28500%	test: 73.52000%
0 step model saved ...
epoch: 1	train: 77.33000%	test: 77.01000%
1 step model saved ...
epoch: 2	train: 79.39000%	test: 78.74000%
2 step model saved ...
epoch: 3	train: 81.10833%	test: 80.18000%
3 step model saved ...
epoch: 4	train: 82.62167%	test: 81.67000%
4 step model saved ...
epoch: 5	train: 83.46000%	test: 82.62000%
5 step model saved ...
epoch: 6	train: 84.83167%	test: 84.15000%
6 step model saved ...
epoch: 7	train: 85.47667%	test: 84.61000%
7 step model saved ...
epoch: 8	train: 85.86333%	test: 84.74000%
8 step model saved ...
epoch: 9	train: 86.52833%	test: 85.59000%
9 step model saved ...
epoch: 10	train: 86.82500%	test: 85.89000%
10 step model saved ...
epoch: 11	train: 86.72167%	test: 85.92000%
11 step model saved ...
epoch: 12	train: 87.31500%	test: 86.39000%
12 step model saved ...
epoch: 13	train: 87.59667%	test: 86.54000%
13 step model saved ...
epoch: 14	train: 87.77667%	test: 86.41000%
epoch: 15	train: 88.18500%	test: 86.83000%
15 step model saved ...
epoch: 16	train: 88.24000%	test: 86.83000%
16 step model saved ...
epoch: 17	train: 88.21833%	test: 87.02000%
17 step model saved ...
epoch: 18	train: 88.55500%	test: 87.22000%
18 step model saved ...
epoch: 19	train: 88.82833%	test: 87.31000%
19 step model saved ...
epoch: 20	train: 88.25833%	test: 86.77000%
epoch: 21	train: 88.64500%	test: 87.19000%
epoch: 22	train: 89.23167%	test: 87.51000%
22 step model saved ...
epoch: 23	train: 89.29333%	test: 87.65000%
23 step model saved ...
epoch: 24	train: 89.41333%	test: 87.63000%
epoch: 25	train: 89.63833%	test: 87.71000%
25 step model saved ...
epoch: 26	train: 89.07167%	test: 87.57000%
epoch: 27	train: 89.49667%	test: 87.79000%
27 step model saved ...
epoch: 28	train: 89.62833%	test: 88.12000%
28 step model saved ...
epoch: 29	train: 89.93167%	test: 88.04000%
epoch: 30	train: 89.73667%	test: 88.13000%
30 step model saved ...
epoch: 31	train: 89.90167%	test: 88.00000%
epoch: 32	train: 90.03833%	test: 88.24000%
32 step model saved ...
epoch: 33	train: 90.18500%	test: 88.36000%
33 step model saved ...
epoch: 34	train: 89.79167%	test: 87.57000%
epoch: 35	train: 89.72833%	test: 87.81000%
epoch: 36	train: 89.98333%	test: 88.14000%
epoch: 37	train: 90.56333%	test: 88.48000%
37 step model saved ...
epoch: 38	train: 90.21500%	test: 88.25000%
epoch: 39	train: 90.81333%	test: 88.70000%
39 step model saved ...
epoch: 40	train: 90.48833%	test: 88.52000%
epoch: 41	train: 90.43833%	test: 88.49000%
epoch: 42	train: 90.85000%	test: 88.81000%
42 step model saved ...
epoch: 43	train: 90.57833%	test: 88.61000%
epoch: 44	train: 90.76833%	test: 88.56000%
epoch: 45	train: 91.01333%	test: 88.86000%
45 step model saved ...
epoch: 46	train: 90.93000%	test: 88.65000%
epoch: 47	train: 91.04167%	test: 88.97000%
47 step model saved ...
epoch: 48	train: 91.09833%	test: 88.74000%
epoch: 49	train: 91.22167%	test: 89.08000%
49 step model saved ...
Finished training
best_test_acc:89.08000%
