Training starts ...
Finished model initialization....
epoch: 0	train: 18.58833%	test: 18.16000%
0 step model saved ...
epoch: 1	train: 24.21667%	test: 24.07000%
1 step model saved ...
epoch: 2	train: 21.34000%	test: 20.74000%
epoch: 3	train: 20.51333%	test: 20.24000%
epoch: 4	train: 31.72667%	test: 31.19000%
4 step model saved ...
epoch: 5	train: 29.40000%	test: 28.97000%
epoch: 6	train: 31.86333%	test: 31.67000%
6 step model saved ...
epoch: 7	train: 24.12667%	test: 23.66000%
epoch: 8	train: 28.81833%	test: 28.38000%
epoch: 9	train: 30.65333%	test: 29.72000%
epoch: 10	train: 29.94000%	test: 29.55000%
epoch: 11	train: 32.41833%	test: 31.96000%
11 step model saved ...
epoch: 12	train: 32.59333%	test: 31.94000%
epoch: 13	train: 33.05833%	test: 32.76000%
13 step model saved ...
epoch: 14	train: 38.48333%	test: 38.15000%
14 step model saved ...
epoch: 15	train: 28.73667%	test: 27.80000%
epoch: 16	train: 23.31000%	test: 23.15000%
epoch: 17	train: 28.52167%	test: 28.33000%
epoch: 18	train: 30.66833%	test: 30.12000%
epoch: 19	train: 29.88000%	test: 29.50000%
epoch: 20	train: 29.12667%	test: 28.67000%
epoch: 21	train: 39.86333%	test: 39.22000%
21 step model saved ...
epoch: 22	train: 39.94667%	test: 39.20000%
epoch: 23	train: 34.15667%	test: 33.01000%
epoch: 24	train: 38.66167%	test: 38.06000%
epoch: 25	train: 44.72333%	test: 43.87000%
25 step model saved ...
epoch: 26	train: 41.86833%	test: 40.91000%
epoch: 27	train: 33.21667%	test: 32.55000%
epoch: 28	train: 31.65000%	test: 31.42000%
epoch: 29	train: 33.82167%	test: 33.60000%
epoch: 30	train: 36.68833%	test: 35.88000%
epoch: 31	train: 29.54500%	test: 29.23000%
epoch: 32	train: 34.16333%	test: 33.78000%
epoch: 33	train: 29.79500%	test: 29.05000%
epoch: 34	train: 32.15833%	test: 31.36000%
epoch: 35	train: 32.71000%	test: 31.81000%
epoch: 36	train: 43.91667%	test: 43.10000%
epoch: 37	train: 28.57500%	test: 28.08000%
epoch: 38	train: 31.43000%	test: 30.68000%
epoch: 39	train: 32.79000%	test: 32.29000%
epoch: 40	train: 27.24000%	test: 27.23000%
epoch: 41	train: 31.43667%	test: 31.23000%
epoch: 42	train: 32.63167%	test: 31.65000%
epoch: 43	train: 38.65167%	test: 38.02000%
epoch: 44	train: 32.17500%	test: 32.25000%
epoch: 45	train: 35.32833%	test: 34.95000%
epoch: 46	train: 32.99333%	test: 32.79000%
epoch: 47	train: 34.37000%	test: 34.14000%
epoch: 48	train: 32.69667%	test: 32.18000%
epoch: 49	train: 37.52167%	test: 37.17000%
Finished training
best_test_acc:43.87000%
