Training starts ...
Finished model initialization....
epoch: 0	train: 33.32333%	test: 32.68000%
0 step model saved ...
epoch: 1	train: 37.01333%	test: 36.26000%
1 step model saved ...
epoch: 2	train: 59.00000%	test: 58.82000%
2 step model saved ...
epoch: 3	train: 34.09167%	test: 33.82000%
epoch: 4	train: 56.56333%	test: 56.04000%
epoch: 5	train: 45.20000%	test: 44.08000%
epoch: 6	train: 55.52333%	test: 55.47000%
epoch: 7	train: 60.01833%	test: 59.21000%
7 step model saved ...
epoch: 8	train: 46.90000%	test: 46.44000%
epoch: 9	train: 57.38000%	test: 56.72000%
epoch: 10	train: 40.38500%	test: 40.13000%
epoch: 11	train: 47.84500%	test: 47.36000%
epoch: 12	train: 38.88667%	test: 38.74000%
epoch: 13	train: 38.04167%	test: 37.30000%
epoch: 14	train: 50.90333%	test: 50.85000%
epoch: 15	train: 53.78000%	test: 53.53000%
epoch: 16	train: 39.47333%	test: 39.03000%
epoch: 17	train: 58.18000%	test: 57.63000%
epoch: 18	train: 62.64000%	test: 61.92000%
18 step model saved ...
epoch: 19	train: 29.13000%	test: 28.83000%
epoch: 20	train: 45.26167%	test: 44.69000%
epoch: 21	train: 56.16500%	test: 55.38000%
epoch: 22	train: 39.42667%	test: 38.91000%
epoch: 23	train: 58.69000%	test: 57.61000%
epoch: 24	train: 48.93167%	test: 48.68000%
epoch: 25	train: 55.80667%	test: 54.98000%
epoch: 26	train: 47.06000%	test: 46.90000%
epoch: 27	train: 51.60500%	test: 51.46000%
epoch: 28	train: 50.19167%	test: 49.99000%
epoch: 29	train: 50.37667%	test: 50.39000%
epoch: 30	train: 49.41833%	test: 49.33000%
epoch: 31	train: 52.75167%	test: 52.65000%
epoch: 32	train: 43.90000%	test: 44.20000%
epoch: 33	train: 47.27000%	test: 47.19000%
epoch: 34	train: 52.77833%	test: 51.83000%
epoch: 35	train: 49.14000%	test: 48.59000%
epoch: 36	train: 42.32833%	test: 42.24000%
epoch: 37	train: 39.97500%	test: 39.80000%
epoch: 38	train: 43.13000%	test: 42.65000%
epoch: 39	train: 42.14167%	test: 41.28000%
epoch: 40	train: 43.61667%	test: 43.60000%
epoch: 41	train: 52.44833%	test: 51.94000%
epoch: 42	train: 46.08500%	test: 45.93000%
epoch: 43	train: 41.39500%	test: 40.76000%
epoch: 44	train: 31.33667%	test: 31.12000%
epoch: 45	train: 50.96667%	test: 50.41000%
epoch: 46	train: 53.27000%	test: 53.07000%
epoch: 47	train: 59.56333%	test: 58.88000%
epoch: 48	train: 42.70333%	test: 42.19000%
epoch: 49	train: 49.04667%	test: 48.85000%
Finished training
best_test_acc:61.92000%
