Training starts ...
Finished model initialization....
epoch: 0	train: 88.77333%	test: 86.56000%
0 step model saved ...
epoch: 1	train: 91.06333%	test: 88.13000%
1 step model saved ...
epoch: 2	train: 92.22000%	test: 88.32000%
2 step model saved ...
epoch: 3	train: 93.15833%	test: 88.15000%
epoch: 4	train: 95.37333%	test: 89.50000%
4 step model saved ...
epoch: 5	train: 95.96667%	test: 89.33000%
epoch: 6	train: 97.21500%	test: 89.93000%
6 step model saved ...
epoch: 7	train: 97.63667%	test: 89.87000%
epoch: 8	train: 97.98000%	test: 89.67000%
epoch: 9	train: 98.41167%	test: 89.98000%
9 step model saved ...
epoch: 10	train: 98.78500%	test: 89.73000%
epoch: 11	train: 98.86000%	test: 90.05000%
11 step model saved ...
epoch: 12	train: 98.97833%	test: 90.20000%
12 step model saved ...
epoch: 13	train: 99.31500%	test: 89.98000%
epoch: 14	train: 99.28833%	test: 90.13000%
epoch: 15	train: 99.40500%	test: 90.35000%
15 step model saved ...
epoch: 16	train: 99.52500%	test: 90.51000%
16 step model saved ...
epoch: 17	train: 98.88167%	test: 89.40000%
epoch: 18	train: 99.51833%	test: 90.53000%
18 step model saved ...
epoch: 19	train: 99.27333%	test: 89.97000%
epoch: 20	train: 99.36000%	test: 90.24000%
epoch: 21	train: 99.43000%	test: 90.09000%
epoch: 22	train: 99.56500%	test: 89.75000%
epoch: 23	train: 99.68833%	test: 90.19000%
epoch: 24	train: 99.39333%	test: 89.68000%
epoch: 25	train: 99.56167%	test: 90.14000%
epoch: 26	train: 99.46833%	test: 90.14000%
epoch: 27	train: 99.54333%	test: 90.54000%
27 step model saved ...
epoch: 28	train: 99.47000%	test: 89.99000%
epoch: 29	train: 99.80833%	test: 90.31000%
epoch: 30	train: 99.50167%	test: 89.86000%
epoch: 31	train: 99.66500%	test: 90.21000%
epoch: 32	train: 99.79500%	test: 90.15000%
epoch: 33	train: 99.62000%	test: 90.08000%
epoch: 34	train: 99.52000%	test: 89.96000%
epoch: 35	train: 99.80833%	test: 90.49000%
epoch: 36	train: 99.77000%	test: 90.40000%
epoch: 37	train: 99.72000%	test: 90.17000%
epoch: 38	train: 99.66000%	test: 90.29000%
epoch: 39	train: 99.64500%	test: 90.22000%
epoch: 40	train: 99.83333%	test: 90.59000%
40 step model saved ...
epoch: 41	train: 99.63167%	test: 90.50000%
epoch: 42	train: 99.82500%	test: 90.19000%
epoch: 43	train: 99.67000%	test: 90.12000%
epoch: 44	train: 99.73833%	test: 90.35000%
epoch: 45	train: 99.51167%	test: 89.77000%
epoch: 46	train: 99.79500%	test: 90.40000%
epoch: 47	train: 99.76833%	test: 90.43000%
epoch: 48	train: 99.78167%	test: 90.22000%
epoch: 49	train: 99.82833%	test: 90.49000%
Finished training
best_test_acc:90.59000%
