Training starts ...
Finished model initialization....
epoch: 0	train: 82.53000%	test: 78.49000%
0 step model saved ...
epoch: 1	train: 86.84167%	test: 81.71000%
1 step model saved ...
epoch: 2	train: 89.52667%	test: 82.92000%
2 step model saved ...
epoch: 3	train: 91.98000%	test: 84.90000%
3 step model saved ...
epoch: 4	train: 93.03333%	test: 85.37000%
4 step model saved ...
epoch: 5	train: 94.34167%	test: 86.36000%
5 step model saved ...
epoch: 6	train: 94.26167%	test: 85.70000%
epoch: 7	train: 96.13333%	test: 86.89000%
7 step model saved ...
epoch: 8	train: 96.86667%	test: 87.32000%
8 step model saved ...
epoch: 9	train: 97.14667%	test: 87.48000%
9 step model saved ...
epoch: 10	train: 97.83667%	test: 87.37000%
epoch: 11	train: 96.99000%	test: 86.67000%
epoch: 12	train: 98.49500%	test: 87.69000%
12 step model saved ...
epoch: 13	train: 98.37000%	test: 87.19000%
epoch: 14	train: 98.33500%	test: 87.43000%
epoch: 15	train: 98.39833%	test: 87.73000%
15 step model saved ...
epoch: 16	train: 98.68667%	test: 87.61000%
epoch: 17	train: 98.49167%	test: 87.52000%
epoch: 18	train: 99.22333%	test: 87.94000%
18 step model saved ...
epoch: 19	train: 98.95667%	test: 88.23000%
19 step model saved ...
epoch: 20	train: 98.87000%	test: 87.41000%
epoch: 21	train: 99.12667%	test: 88.12000%
epoch: 22	train: 99.12500%	test: 88.13000%
epoch: 23	train: 99.12333%	test: 88.28000%
23 step model saved ...
epoch: 24	train: 98.88833%	test: 87.76000%
epoch: 25	train: 99.12500%	test: 87.89000%
epoch: 26	train: 99.07167%	test: 88.36000%
26 step model saved ...
epoch: 27	train: 99.27333%	test: 88.43000%
27 step model saved ...
epoch: 28	train: 99.20167%	test: 87.95000%
epoch: 29	train: 98.97000%	test: 87.96000%
epoch: 30	train: 99.25333%	test: 88.50000%
30 step model saved ...
epoch: 31	train: 99.31333%	test: 88.45000%
epoch: 32	train: 99.06000%	test: 88.14000%
epoch: 33	train: 99.60500%	test: 88.63000%
33 step model saved ...
epoch: 34	train: 99.38833%	test: 88.29000%
epoch: 35	train: 99.39333%	test: 88.61000%
epoch: 36	train: 99.26500%	test: 88.53000%
epoch: 37	train: 99.46167%	test: 88.69000%
37 step model saved ...
epoch: 38	train: 99.43833%	test: 88.22000%
epoch: 39	train: 99.51000%	test: 88.69000%
39 step model saved ...
epoch: 40	train: 99.52000%	test: 88.38000%
epoch: 41	train: 99.11000%	test: 88.45000%
epoch: 42	train: 99.74667%	test: 88.83000%
42 step model saved ...
epoch: 43	train: 99.37500%	test: 88.69000%
epoch: 44	train: 99.74000%	test: 88.81000%
epoch: 45	train: 99.22833%	test: 88.51000%
epoch: 46	train: 99.69500%	test: 88.48000%
epoch: 47	train: 99.49333%	test: 88.25000%
epoch: 48	train: 99.56000%	test: 88.94000%
48 step model saved ...
epoch: 49	train: 99.55500%	test: 88.53000%
Finished training
best_test_acc:88.94000%
