Training starts ...
Finished model initialization....
epoch: 0	train: 33.29500%	test: 32.77000%
0 step model saved ...
epoch: 1	train: 51.90833%	test: 51.33000%
1 step model saved ...
epoch: 2	train: 30.72167%	test: 30.42000%
epoch: 3	train: 38.72000%	test: 38.05000%
epoch: 4	train: 47.56833%	test: 46.64000%
epoch: 5	train: 47.17667%	test: 46.66000%
epoch: 6	train: 49.71167%	test: 49.19000%
epoch: 7	train: 45.89500%	test: 45.59000%
epoch: 8	train: 47.32667%	test: 46.59000%
epoch: 9	train: 52.31000%	test: 51.52000%
9 step model saved ...
epoch: 10	train: 40.27333%	test: 39.58000%
epoch: 11	train: 47.15167%	test: 46.66000%
epoch: 12	train: 49.58667%	test: 48.88000%
epoch: 13	train: 46.10500%	test: 45.46000%
epoch: 14	train: 40.41500%	test: 39.91000%
epoch: 15	train: 51.88500%	test: 51.36000%
epoch: 16	train: 27.94167%	test: 27.27000%
epoch: 17	train: 46.46500%	test: 45.88000%
epoch: 18	train: 47.60000%	test: 47.34000%
epoch: 19	train: 24.56667%	test: 24.36000%
epoch: 20	train: 33.86500%	test: 33.64000%
epoch: 21	train: 41.61833%	test: 40.71000%
epoch: 22	train: 49.02333%	test: 49.17000%
epoch: 23	train: 42.23333%	test: 42.16000%
epoch: 24	train: 44.09500%	test: 44.06000%
epoch: 25	train: 42.95833%	test: 42.47000%
epoch: 26	train: 52.13167%	test: 51.91000%
26 step model saved ...
epoch: 27	train: 42.47667%	test: 42.19000%
epoch: 28	train: 39.34333%	test: 38.36000%
epoch: 29	train: 42.99667%	test: 42.21000%
epoch: 30	train: 35.80833%	test: 35.24000%
epoch: 31	train: 39.07000%	test: 38.50000%
epoch: 32	train: 28.44833%	test: 27.76000%
epoch: 33	train: 47.23167%	test: 46.62000%
epoch: 34	train: 29.17333%	test: 28.85000%
epoch: 35	train: 43.92000%	test: 43.37000%
epoch: 36	train: 46.28667%	test: 45.21000%
epoch: 37	train: 49.67333%	test: 49.61000%
epoch: 38	train: 36.73500%	test: 36.52000%
epoch: 39	train: 42.61667%	test: 41.90000%
epoch: 40	train: 44.92000%	test: 44.22000%
epoch: 41	train: 39.54500%	test: 39.56000%
epoch: 42	train: 47.88500%	test: 47.16000%
epoch: 43	train: 45.71667%	test: 44.78000%
epoch: 44	train: 43.63833%	test: 43.25000%
epoch: 45	train: 44.23000%	test: 43.75000%
epoch: 46	train: 39.03000%	test: 38.46000%
epoch: 47	train: 37.25167%	test: 36.73000%
epoch: 48	train: 37.83833%	test: 37.24000%
epoch: 49	train: 40.17333%	test: 39.68000%
Finished training
best_test_acc:51.91000%
