Training starts ...
Finished model initialization....
epoch: 0	train: 79.61667%	test: 74.94000%
0 step model saved ...
epoch: 1	train: 85.64167%	test: 78.51000%
1 step model saved ...
epoch: 2	train: 90.78000%	test: 80.74000%
2 step model saved ...
epoch: 3	train: 92.28667%	test: 80.69000%
epoch: 4	train: 93.68833%	test: 81.74000%
4 step model saved ...
epoch: 5	train: 95.88000%	test: 81.64000%
epoch: 6	train: 96.29333%	test: 81.34000%
epoch: 7	train: 97.00333%	test: 82.44000%
7 step model saved ...
epoch: 8	train: 97.52333%	test: 82.76000%
8 step model saved ...
epoch: 9	train: 97.46500%	test: 82.49000%
epoch: 10	train: 97.92833%	test: 82.62000%
epoch: 11	train: 98.06000%	test: 83.37000%
11 step model saved ...
epoch: 12	train: 98.48500%	test: 83.45000%
12 step model saved ...
epoch: 13	train: 98.14500%	test: 83.51000%
13 step model saved ...
epoch: 14	train: 98.51000%	test: 83.87000%
14 step model saved ...
epoch: 15	train: 98.77167%	test: 84.20000%
15 step model saved ...
epoch: 16	train: 98.68000%	test: 84.52000%
16 step model saved ...
epoch: 17	train: 98.89000%	test: 84.28000%
epoch: 18	train: 98.99667%	test: 84.20000%
epoch: 19	train: 99.04167%	test: 85.07000%
19 step model saved ...
epoch: 20	train: 98.58000%	test: 84.08000%
epoch: 21	train: 98.91333%	test: 85.17000%
21 step model saved ...
epoch: 22	train: 98.93167%	test: 85.19000%
22 step model saved ...
epoch: 23	train: 99.13333%	test: 85.14000%
epoch: 24	train: 99.36000%	test: 85.30000%
24 step model saved ...
epoch: 25	train: 99.19167%	test: 84.96000%
epoch: 26	train: 99.26667%	test: 85.43000%
26 step model saved ...
epoch: 27	train: 99.26833%	test: 85.69000%
27 step model saved ...
epoch: 28	train: 99.10500%	test: 85.04000%
epoch: 29	train: 98.90833%	test: 85.25000%
epoch: 30	train: 99.14333%	test: 85.53000%
epoch: 31	train: 99.43833%	test: 85.56000%
epoch: 32	train: 99.52000%	test: 86.00000%
32 step model saved ...
epoch: 33	train: 98.92833%	test: 85.32000%
epoch: 34	train: 99.12167%	test: 86.12000%
34 step model saved ...
epoch: 35	train: 99.12833%	test: 85.91000%
epoch: 36	train: 99.30667%	test: 86.44000%
36 step model saved ...
epoch: 37	train: 99.41000%	test: 86.16000%
epoch: 38	train: 99.48167%	test: 86.00000%
epoch: 39	train: 99.43833%	test: 86.11000%
epoch: 40	train: 99.28667%	test: 85.81000%
epoch: 41	train: 99.38333%	test: 85.68000%
epoch: 42	train: 99.43833%	test: 86.32000%
epoch: 43	train: 99.35000%	test: 85.93000%
epoch: 44	train: 99.44333%	test: 86.21000%
epoch: 45	train: 99.13833%	test: 86.12000%
epoch: 46	train: 99.59333%	test: 86.39000%
epoch: 47	train: 99.59333%	test: 86.55000%
47 step model saved ...
epoch: 48	train: 99.60333%	test: 86.57000%
48 step model saved ...
epoch: 49	train: 99.36667%	test: 86.69000%
49 step model saved ...
Finished training
best_test_acc:86.69000%
