Training starts ...
Finished model initialization....
epoch: 0	train: 15.95000%	test: 15.54000%
0 step model saved ...
epoch: 1	train: 15.15333%	test: 15.12000%
epoch: 2	train: 18.85833%	test: 18.64000%
2 step model saved ...
epoch: 3	train: 22.95333%	test: 22.17000%
3 step model saved ...
epoch: 4	train: 23.64000%	test: 23.45000%
4 step model saved ...
epoch: 5	train: 23.88000%	test: 23.32000%
epoch: 6	train: 25.55000%	test: 25.01000%
6 step model saved ...
epoch: 7	train: 22.61167%	test: 22.78000%
epoch: 8	train: 25.42167%	test: 25.04000%
8 step model saved ...
epoch: 9	train: 22.19333%	test: 21.81000%
epoch: 10	train: 25.49167%	test: 25.05000%
10 step model saved ...
epoch: 11	train: 25.76333%	test: 25.43000%
11 step model saved ...
epoch: 12	train: 30.45500%	test: 29.56000%
12 step model saved ...
epoch: 13	train: 29.14667%	test: 29.03000%
epoch: 14	train: 28.24667%	test: 27.55000%
epoch: 15	train: 28.05000%	test: 27.30000%
epoch: 16	train: 35.31500%	test: 34.69000%
16 step model saved ...
epoch: 17	train: 22.67167%	test: 22.85000%
epoch: 18	train: 29.54667%	test: 29.36000%
epoch: 19	train: 26.11667%	test: 25.56000%
epoch: 20	train: 30.27167%	test: 30.30000%
epoch: 21	train: 29.56333%	test: 29.19000%
epoch: 22	train: 25.61000%	test: 25.46000%
epoch: 23	train: 30.24667%	test: 30.08000%
epoch: 24	train: 27.71833%	test: 27.25000%
epoch: 25	train: 24.97833%	test: 24.77000%
epoch: 26	train: 33.08833%	test: 32.77000%
epoch: 27	train: 31.30667%	test: 31.28000%
epoch: 28	train: 29.35833%	test: 29.35000%
epoch: 29	train: 28.81333%	test: 28.81000%
epoch: 30	train: 26.79333%	test: 26.69000%
epoch: 31	train: 28.82000%	test: 28.82000%
epoch: 32	train: 25.61500%	test: 25.37000%
epoch: 33	train: 25.99000%	test: 25.53000%
epoch: 34	train: 27.61833%	test: 27.25000%
epoch: 35	train: 29.55667%	test: 29.58000%
epoch: 36	train: 28.29000%	test: 27.90000%
epoch: 37	train: 23.18333%	test: 23.12000%
epoch: 38	train: 33.45833%	test: 33.41000%
epoch: 39	train: 37.86000%	test: 37.65000%
39 step model saved ...
epoch: 40	train: 31.74667%	test: 31.81000%
epoch: 41	train: 25.29333%	test: 25.09000%
epoch: 42	train: 27.05667%	test: 26.80000%
epoch: 43	train: 26.07333%	test: 25.71000%
epoch: 44	train: 24.41000%	test: 24.34000%
epoch: 45	train: 25.57833%	test: 25.45000%
epoch: 46	train: 25.09833%	test: 24.71000%
epoch: 47	train: 23.06667%	test: 22.72000%
epoch: 48	train: 29.11333%	test: 29.00000%
epoch: 49	train: 27.27833%	test: 26.84000%
Finished training
best_test_acc:37.65000%
