Training starts ...
Finished model initialization....
epoch: 0	train: 16.40000%	test: 16.21000%
0 step model saved ...
epoch: 1	train: 17.48000%	test: 17.33000%
1 step model saved ...
epoch: 2	train: 10.00000%	test: 10.00000%
epoch: 3	train: 18.15000%	test: 17.58000%
3 step model saved ...
epoch: 4	train: 15.65000%	test: 15.15000%
epoch: 5	train: 16.89667%	test: 16.65000%
epoch: 6	train: 20.30333%	test: 19.75000%
6 step model saved ...
epoch: 7	train: 19.82500%	test: 19.39000%
epoch: 8	train: 21.14667%	test: 21.24000%
8 step model saved ...
epoch: 9	train: 19.57000%	test: 19.49000%
epoch: 10	train: 22.21500%	test: 21.98000%
10 step model saved ...
epoch: 11	train: 16.80667%	test: 16.80000%
epoch: 12	train: 20.99167%	test: 20.55000%
epoch: 13	train: 17.09167%	test: 16.91000%
epoch: 14	train: 19.46333%	test: 19.57000%
epoch: 15	train: 24.29000%	test: 23.96000%
15 step model saved ...
epoch: 16	train: 22.35167%	test: 22.07000%
epoch: 17	train: 24.91500%	test: 24.63000%
17 step model saved ...
epoch: 18	train: 27.30000%	test: 26.95000%
18 step model saved ...
epoch: 19	train: 23.68833%	test: 23.77000%
epoch: 20	train: 16.45333%	test: 16.37000%
epoch: 21	train: 24.29167%	test: 24.16000%
epoch: 22	train: 23.80000%	test: 23.62000%
epoch: 23	train: 31.74000%	test: 31.26000%
23 step model saved ...
epoch: 24	train: 30.97500%	test: 30.96000%
epoch: 25	train: 41.54167%	test: 41.74000%
25 step model saved ...
epoch: 26	train: 27.46000%	test: 27.54000%
epoch: 27	train: 29.58667%	test: 29.47000%
epoch: 28	train: 37.01333%	test: 37.04000%
epoch: 29	train: 32.34000%	test: 32.40000%
epoch: 30	train: 29.31667%	test: 29.27000%
epoch: 31	train: 26.07500%	test: 25.27000%
epoch: 32	train: 28.48167%	test: 28.15000%
epoch: 33	train: 24.68167%	test: 24.40000%
epoch: 34	train: 24.99500%	test: 25.14000%
epoch: 35	train: 22.44000%	test: 22.59000%
epoch: 36	train: 18.73167%	test: 18.75000%
epoch: 37	train: 24.23500%	test: 23.91000%
epoch: 38	train: 27.57667%	test: 27.52000%
epoch: 39	train: 21.22333%	test: 21.07000%
epoch: 40	train: 31.78333%	test: 31.81000%
epoch: 41	train: 25.37167%	test: 25.43000%
epoch: 42	train: 22.00833%	test: 22.47000%
epoch: 43	train: 37.12667%	test: 36.63000%
epoch: 44	train: 16.39500%	test: 16.35000%
epoch: 45	train: 18.87167%	test: 19.08000%
epoch: 46	train: 22.59667%	test: 22.70000%
epoch: 47	train: 19.67000%	test: 19.70000%
epoch: 48	train: 23.37167%	test: 23.46000%
epoch: 49	train: 26.65000%	test: 26.58000%
Finished training
best_test_acc:41.74000%
