Training starts ...
Finished model initialization....
epoch: 0	train: 89.13833%	test: 85.86000%
0 step model saved ...
epoch: 1	train: 91.41833%	test: 87.28000%
1 step model saved ...
epoch: 2	train: 93.67500%	test: 87.90000%
2 step model saved ...
epoch: 3	train: 94.60167%	test: 87.66000%
epoch: 4	train: 96.33500%	test: 88.26000%
4 step model saved ...
epoch: 5	train: 96.86500%	test: 88.06000%
epoch: 6	train: 97.22667%	test: 87.81000%
epoch: 7	train: 97.81000%	test: 88.36000%
7 step model saved ...
epoch: 8	train: 97.75500%	test: 87.24000%
epoch: 9	train: 98.61500%	test: 88.18000%
epoch: 10	train: 98.80500%	test: 88.68000%
10 step model saved ...
epoch: 11	train: 98.99167%	test: 88.96000%
11 step model saved ...
epoch: 12	train: 99.03167%	test: 88.92000%
epoch: 13	train: 99.17667%	test: 88.87000%
epoch: 14	train: 99.31000%	test: 88.89000%
epoch: 15	train: 99.29000%	test: 88.99000%
15 step model saved ...
epoch: 16	train: 99.36667%	test: 88.61000%
epoch: 17	train: 99.33833%	test: 89.10000%
17 step model saved ...
epoch: 18	train: 99.48500%	test: 88.99000%
epoch: 19	train: 99.24000%	test: 88.53000%
epoch: 20	train: 99.27667%	test: 88.78000%
epoch: 21	train: 99.51833%	test: 88.97000%
epoch: 22	train: 99.54333%	test: 88.84000%
epoch: 23	train: 99.62333%	test: 89.06000%
epoch: 24	train: 99.35500%	test: 88.88000%
epoch: 25	train: 99.71000%	test: 89.18000%
25 step model saved ...
epoch: 26	train: 99.56333%	test: 88.97000%
epoch: 27	train: 99.44667%	test: 88.93000%
epoch: 28	train: 99.70500%	test: 89.49000%
28 step model saved ...
epoch: 29	train: 99.61500%	test: 88.93000%
epoch: 30	train: 99.56333%	test: 88.90000%
epoch: 31	train: 99.40333%	test: 88.89000%
epoch: 32	train: 99.68500%	test: 89.01000%
epoch: 33	train: 99.57333%	test: 88.89000%
epoch: 34	train: 99.78333%	test: 89.28000%
epoch: 35	train: 99.22167%	test: 88.88000%
epoch: 36	train: 99.33000%	test: 88.94000%
epoch: 37	train: 99.46333%	test: 88.73000%
epoch: 38	train: 99.60500%	test: 88.98000%
epoch: 39	train: 99.58833%	test: 89.15000%
epoch: 40	train: 99.13167%	test: 88.38000%
epoch: 41	train: 99.76833%	test: 89.54000%
41 step model saved ...
epoch: 42	train: 99.73500%	test: 89.40000%
epoch: 43	train: 99.74000%	test: 89.24000%
epoch: 44	train: 99.64333%	test: 89.22000%
epoch: 45	train: 99.83000%	test: 89.38000%
epoch: 46	train: 99.69000%	test: 88.98000%
epoch: 47	train: 99.75500%	test: 88.96000%
epoch: 48	train: 99.82833%	test: 89.63000%
48 step model saved ...
epoch: 49	train: 99.75667%	test: 89.56000%
Finished training
best_test_acc:89.63000%
