Training starts ...
Finished model initialization....
epoch: 0	train: 15.88000%	test: 15.71000%
0 step model saved ...
epoch: 1	train: 25.28667%	test: 24.67000%
1 step model saved ...
epoch: 2	train: 43.14833%	test: 42.32000%
2 step model saved ...
epoch: 3	train: 27.47000%	test: 27.33000%
epoch: 4	train: 35.93833%	test: 35.91000%
epoch: 5	train: 41.44833%	test: 41.30000%
epoch: 6	train: 27.27833%	test: 27.11000%
epoch: 7	train: 31.30333%	test: 30.78000%
epoch: 8	train: 29.66500%	test: 29.53000%
epoch: 9	train: 23.25500%	test: 22.84000%
epoch: 10	train: 33.26167%	test: 32.94000%
epoch: 11	train: 29.82167%	test: 29.49000%
epoch: 12	train: 28.74667%	test: 28.46000%
epoch: 13	train: 47.59500%	test: 47.10000%
13 step model saved ...
epoch: 14	train: 39.18167%	test: 38.98000%
epoch: 15	train: 29.03500%	test: 28.88000%
epoch: 16	train: 45.94833%	test: 46.20000%
epoch: 17	train: 54.12000%	test: 53.47000%
17 step model saved ...
epoch: 18	train: 45.91167%	test: 45.89000%
epoch: 19	train: 31.40000%	test: 31.14000%
epoch: 20	train: 23.01500%	test: 22.91000%
epoch: 21	train: 54.54833%	test: 53.56000%
21 step model saved ...
epoch: 22	train: 57.90667%	test: 57.57000%
22 step model saved ...
epoch: 23	train: 36.90500%	test: 36.64000%
epoch: 24	train: 41.30500%	test: 40.83000%
epoch: 25	train: 55.15833%	test: 55.11000%
epoch: 26	train: 50.67000%	test: 50.30000%
epoch: 27	train: 39.87667%	test: 39.35000%
epoch: 28	train: 51.51667%	test: 51.60000%
epoch: 29	train: 47.23667%	test: 46.54000%
epoch: 30	train: 30.84500%	test: 30.48000%
epoch: 31	train: 50.55000%	test: 50.41000%
epoch: 32	train: 52.75000%	test: 52.30000%
epoch: 33	train: 47.05833%	test: 46.19000%
epoch: 34	train: 47.49667%	test: 46.44000%
epoch: 35	train: 53.72667%	test: 52.95000%
epoch: 36	train: 47.48500%	test: 47.30000%
epoch: 37	train: 49.59500%	test: 48.98000%
epoch: 38	train: 46.46333%	test: 46.00000%
epoch: 39	train: 40.66667%	test: 40.29000%
epoch: 40	train: 51.96667%	test: 51.47000%
epoch: 41	train: 58.91333%	test: 58.73000%
41 step model saved ...
epoch: 42	train: 47.59000%	test: 47.15000%
epoch: 43	train: 61.09667%	test: 60.83000%
43 step model saved ...
epoch: 44	train: 46.69833%	test: 46.30000%
epoch: 45	train: 51.88333%	test: 51.51000%
epoch: 46	train: 51.31167%	test: 50.52000%
epoch: 47	train: 46.02167%	test: 45.52000%
epoch: 48	train: 64.25167%	test: 63.61000%
48 step model saved ...
epoch: 49	train: 52.62167%	test: 51.84000%
Finished training
best_test_acc:63.61000%
