Training starts ...
Finished model initialization....
epoch: 0	train: 89.97667%	test: 88.12000%
0 step model saved ...
epoch: 1	train: 92.88333%	test: 90.15000%
1 step model saved ...
epoch: 2	train: 93.40333%	test: 90.39000%
2 step model saved ...
epoch: 3	train: 92.90333%	test: 90.15000%
epoch: 4	train: 95.10000%	test: 90.69000%
4 step model saved ...
epoch: 5	train: 96.61000%	test: 91.60000%
5 step model saved ...
epoch: 6	train: 96.90167%	test: 91.75000%
6 step model saved ...
epoch: 7	train: 97.59500%	test: 91.98000%
7 step model saved ...
epoch: 8	train: 92.58500%	test: 86.96000%
epoch: 9	train: 98.38000%	test: 91.75000%
epoch: 10	train: 98.50333%	test: 92.05000%
10 step model saved ...
epoch: 11	train: 98.52167%	test: 92.03000%
epoch: 12	train: 97.30000%	test: 90.93000%
epoch: 13	train: 99.28667%	test: 92.42000%
13 step model saved ...
epoch: 14	train: 98.61500%	test: 91.11000%
epoch: 15	train: 97.22333%	test: 90.86000%
epoch: 16	train: 99.21333%	test: 92.22000%
epoch: 17	train: 99.34000%	test: 91.90000%
epoch: 18	train: 99.30667%	test: 92.20000%
epoch: 19	train: 99.15167%	test: 92.21000%
epoch: 20	train: 99.68000%	test: 92.18000%
epoch: 21	train: 99.18167%	test: 92.06000%
epoch: 22	train: 98.90667%	test: 92.17000%
epoch: 23	train: 99.49667%	test: 92.39000%
epoch: 24	train: 98.89500%	test: 91.84000%
epoch: 25	train: 99.52167%	test: 92.02000%
epoch: 26	train: 99.54667%	test: 92.33000%
epoch: 27	train: 99.33333%	test: 92.30000%
epoch: 28	train: 99.63667%	test: 92.31000%
epoch: 29	train: 99.36167%	test: 92.05000%
epoch: 30	train: 99.55500%	test: 92.24000%
epoch: 31	train: 99.66833%	test: 92.32000%
epoch: 32	train: 99.56167%	test: 92.13000%
epoch: 33	train: 99.61167%	test: 92.62000%
33 step model saved ...
epoch: 34	train: 99.39667%	test: 92.21000%
epoch: 35	train: 98.71500%	test: 91.03000%
epoch: 36	train: 99.79167%	test: 92.57000%
epoch: 37	train: 99.75667%	test: 92.56000%
epoch: 38	train: 99.77167%	test: 92.25000%
epoch: 39	train: 99.73333%	test: 92.46000%
epoch: 40	train: 99.76500%	test: 92.27000%
epoch: 41	train: 99.45333%	test: 91.81000%
epoch: 42	train: 99.68667%	test: 92.26000%
epoch: 43	train: 99.63000%	test: 92.18000%
epoch: 44	train: 99.89167%	test: 92.68000%
44 step model saved ...
epoch: 45	train: 99.68833%	test: 92.28000%
epoch: 46	train: 99.71000%	test: 92.36000%
epoch: 47	train: 99.64333%	test: 92.33000%
epoch: 48	train: 99.70000%	test: 92.52000%
epoch: 49	train: 99.74833%	test: 92.30000%
Finished training
best_test_acc:92.68000%
