Training starts ...
Finished model initialization....
epoch: 0	train: 90.07000%	test: 87.79000%
0 step model saved ...
epoch: 1	train: 91.83000%	test: 88.80000%
1 step model saved ...
epoch: 2	train: 93.59667%	test: 89.72000%
2 step model saved ...
epoch: 3	train: 93.88667%	test: 89.25000%
epoch: 4	train: 94.60833%	test: 89.31000%
epoch: 5	train: 96.25833%	test: 90.33000%
5 step model saved ...
epoch: 6	train: 96.81667%	test: 90.14000%
epoch: 7	train: 98.21000%	test: 91.38000%
7 step model saved ...
epoch: 8	train: 98.71333%	test: 91.38000%
8 step model saved ...
epoch: 9	train: 98.34500%	test: 91.52000%
9 step model saved ...
epoch: 10	train: 98.67667%	test: 91.64000%
10 step model saved ...
epoch: 11	train: 98.07500%	test: 90.20000%
epoch: 12	train: 98.67167%	test: 90.89000%
epoch: 13	train: 98.63333%	test: 91.29000%
epoch: 14	train: 98.92833%	test: 90.96000%
epoch: 15	train: 98.74500%	test: 91.09000%
epoch: 16	train: 99.14500%	test: 91.37000%
epoch: 17	train: 98.93000%	test: 91.13000%
epoch: 18	train: 99.03000%	test: 91.17000%
epoch: 19	train: 99.01500%	test: 91.10000%
epoch: 20	train: 99.28333%	test: 91.11000%
epoch: 21	train: 98.94500%	test: 90.93000%
epoch: 22	train: 99.49833%	test: 91.67000%
22 step model saved ...
epoch: 23	train: 97.11000%	test: 89.39000%
epoch: 24	train: 99.75667%	test: 91.76000%
24 step model saved ...
epoch: 25	train: 99.47167%	test: 91.65000%
epoch: 26	train: 99.53333%	test: 91.59000%
epoch: 27	train: 98.93333%	test: 90.81000%
epoch: 28	train: 99.63500%	test: 92.03000%
28 step model saved ...
epoch: 29	train: 99.47500%	test: 91.52000%
epoch: 30	train: 99.24333%	test: 91.38000%
epoch: 31	train: 99.67000%	test: 91.70000%
epoch: 32	train: 98.96667%	test: 91.18000%
epoch: 33	train: 99.38833%	test: 91.58000%
epoch: 34	train: 99.54833%	test: 91.74000%
epoch: 35	train: 99.46000%	test: 91.44000%
epoch: 36	train: 99.70000%	test: 91.65000%
epoch: 37	train: 99.58833%	test: 91.52000%
epoch: 38	train: 99.21667%	test: 91.82000%
epoch: 39	train: 98.24833%	test: 90.63000%
epoch: 40	train: 99.84000%	test: 91.75000%
epoch: 41	train: 99.82833%	test: 92.17000%
41 step model saved ...
epoch: 42	train: 99.69833%	test: 91.93000%
epoch: 43	train: 99.73500%	test: 91.70000%
epoch: 44	train: 99.85667%	test: 92.15000%
epoch: 45	train: 99.81000%	test: 92.13000%
epoch: 46	train: 99.89333%	test: 92.28000%
46 step model saved ...
epoch: 47	train: 99.68500%	test: 91.68000%
epoch: 48	train: 99.57000%	test: 91.67000%
epoch: 49	train: 99.55167%	test: 91.21000%
Finished training
best_test_acc:92.28000%
