Training starts ...
Finished model initialization....
epoch: 0	train: 91.22333%	test: 89.32000%
0 step model saved ...
epoch: 1	train: 93.27500%	test: 90.69000%
1 step model saved ...
epoch: 2	train: 94.67167%	test: 91.22000%
2 step model saved ...
epoch: 3	train: 95.20667%	test: 91.32000%
3 step model saved ...
epoch: 4	train: 96.59833%	test: 91.77000%
4 step model saved ...
epoch: 5	train: 96.80667%	test: 91.52000%
epoch: 6	train: 98.10500%	test: 92.01000%
6 step model saved ...
epoch: 7	train: 98.12833%	test: 91.62000%
epoch: 8	train: 98.15167%	test: 91.71000%
epoch: 9	train: 98.80833%	test: 92.26000%
9 step model saved ...
epoch: 10	train: 98.54333%	test: 91.88000%
epoch: 11	train: 98.82833%	test: 92.22000%
epoch: 12	train: 99.01667%	test: 91.68000%
epoch: 13	train: 99.17667%	test: 92.24000%
epoch: 14	train: 99.28500%	test: 92.54000%
14 step model saved ...
epoch: 15	train: 99.57500%	test: 92.19000%
epoch: 16	train: 99.54667%	test: 92.41000%
epoch: 17	train: 99.37500%	test: 92.20000%
epoch: 18	train: 99.45500%	test: 92.24000%
epoch: 19	train: 99.55500%	test: 92.12000%
epoch: 20	train: 99.58333%	test: 92.57000%
20 step model saved ...
epoch: 21	train: 99.61333%	test: 92.34000%
epoch: 22	train: 99.52333%	test: 92.35000%
epoch: 23	train: 99.55167%	test: 92.20000%
epoch: 24	train: 99.67167%	test: 92.73000%
24 step model saved ...
epoch: 25	train: 98.70500%	test: 91.51000%
epoch: 26	train: 99.59833%	test: 92.40000%
epoch: 27	train: 99.63500%	test: 92.11000%
epoch: 28	train: 99.74333%	test: 92.28000%
epoch: 29	train: 99.83167%	test: 92.68000%
epoch: 30	train: 99.79000%	test: 92.70000%
epoch: 31	train: 99.10667%	test: 91.82000%
epoch: 32	train: 99.56333%	test: 92.45000%
epoch: 33	train: 99.70500%	test: 92.76000%
33 step model saved ...
epoch: 34	train: 99.44667%	test: 92.10000%
epoch: 35	train: 99.78833%	test: 92.67000%
epoch: 36	train: 99.64667%	test: 92.28000%
epoch: 37	train: 99.29333%	test: 92.33000%
epoch: 38	train: 99.81000%	test: 92.22000%
epoch: 39	train: 99.87333%	test: 92.71000%
epoch: 40	train: 99.71167%	test: 92.81000%
40 step model saved ...
epoch: 41	train: 99.83667%	test: 92.51000%
epoch: 42	train: 99.79333%	test: 92.66000%
epoch: 43	train: 99.80833%	test: 92.96000%
43 step model saved ...
epoch: 44	train: 99.84833%	test: 92.75000%
epoch: 45	train: 99.85667%	test: 92.73000%
epoch: 46	train: 99.88333%	test: 92.68000%
epoch: 47	train: 99.80000%	test: 92.51000%
epoch: 48	train: 99.90500%	test: 92.72000%
epoch: 49	train: 99.89833%	test: 92.88000%
Finished training
best_test_acc:92.96000%
