Training starts ...
Finished model initialization....
epoch: 0	train: 16.58833%	test: 16.04000%
0 step model saved ...
epoch: 1	train: 17.36000%	test: 16.82000%
1 step model saved ...
epoch: 2	train: 10.70167%	test: 10.83000%
epoch: 3	train: 19.67500%	test: 19.51000%
3 step model saved ...
epoch: 4	train: 19.14167%	test: 19.39000%
epoch: 5	train: 21.83667%	test: 21.77000%
5 step model saved ...
epoch: 6	train: 20.81167%	test: 20.40000%
epoch: 7	train: 20.78833%	test: 19.93000%
epoch: 8	train: 22.11500%	test: 22.22000%
8 step model saved ...
epoch: 9	train: 22.77667%	test: 22.34000%
9 step model saved ...
epoch: 10	train: 19.47000%	test: 19.39000%
epoch: 11	train: 18.93333%	test: 18.58000%
epoch: 12	train: 22.68833%	test: 22.55000%
12 step model saved ...
epoch: 13	train: 31.17333%	test: 30.64000%
13 step model saved ...
epoch: 14	train: 20.11000%	test: 19.92000%
epoch: 15	train: 13.10500%	test: 12.86000%
epoch: 16	train: 28.58667%	test: 28.51000%
epoch: 17	train: 23.09167%	test: 23.21000%
epoch: 18	train: 30.34333%	test: 29.96000%
epoch: 19	train: 24.52667%	test: 24.47000%
epoch: 20	train: 36.25667%	test: 36.27000%
20 step model saved ...
epoch: 21	train: 22.47333%	test: 22.00000%
epoch: 22	train: 18.53000%	test: 18.57000%
epoch: 23	train: 19.42167%	test: 19.62000%
epoch: 24	train: 21.45167%	test: 21.34000%
epoch: 25	train: 17.88833%	test: 17.83000%
epoch: 26	train: 21.20333%	test: 20.88000%
epoch: 27	train: 13.23833%	test: 13.32000%
epoch: 28	train: 19.28000%	test: 19.15000%
epoch: 29	train: 18.76833%	test: 18.82000%
epoch: 30	train: 25.54167%	test: 25.26000%
epoch: 31	train: 25.92000%	test: 25.36000%
epoch: 32	train: 22.73167%	test: 22.53000%
epoch: 33	train: 19.16333%	test: 19.27000%
epoch: 34	train: 21.03167%	test: 20.85000%
epoch: 35	train: 22.72500%	test: 22.50000%
epoch: 36	train: 18.72500%	test: 18.65000%
epoch: 37	train: 20.59667%	test: 20.55000%
epoch: 38	train: 24.48833%	test: 24.13000%
epoch: 39	train: 28.21000%	test: 28.25000%
epoch: 40	train: 28.24833%	test: 27.98000%
epoch: 41	train: 18.77333%	test: 18.84000%
epoch: 42	train: 20.92667%	test: 20.76000%
epoch: 43	train: 25.46167%	test: 25.35000%
epoch: 44	train: 17.84167%	test: 17.71000%
epoch: 45	train: 22.69833%	test: 22.73000%
epoch: 46	train: 25.91667%	test: 25.77000%
epoch: 47	train: 16.72333%	test: 16.61000%
epoch: 48	train: 26.74500%	test: 26.49000%
epoch: 49	train: 23.04500%	test: 22.85000%
Finished training
best_test_acc:36.27000%
