Training starts ...
Finished model initialization....
epoch: 0	train: 67.81000%	test: 67.61000%
0 step model saved ...
epoch: 1	train: 68.77000%	test: 68.39000%
1 step model saved ...
epoch: 2	train: 61.89833%	test: 62.06000%
epoch: 3	train: 63.18500%	test: 62.91000%
epoch: 4	train: 68.38667%	test: 68.09000%
epoch: 5	train: 71.79667%	test: 71.44000%
5 step model saved ...
epoch: 6	train: 69.24833%	test: 68.42000%
epoch: 7	train: 71.20500%	test: 70.39000%
epoch: 8	train: 65.60167%	test: 65.24000%
epoch: 9	train: 66.34333%	test: 65.41000%
epoch: 10	train: 54.70667%	test: 54.19000%
epoch: 11	train: 66.08667%	test: 65.30000%
epoch: 12	train: 68.46833%	test: 68.00000%
epoch: 13	train: 65.54833%	test: 65.02000%
epoch: 14	train: 73.79833%	test: 73.55000%
14 step model saved ...
epoch: 15	train: 68.93167%	test: 68.13000%
epoch: 16	train: 67.86500%	test: 67.20000%
epoch: 17	train: 66.03500%	test: 65.05000%
epoch: 18	train: 73.69667%	test: 73.13000%
epoch: 19	train: 69.11667%	test: 68.41000%
epoch: 20	train: 69.89500%	test: 69.02000%
epoch: 21	train: 71.83333%	test: 70.96000%
epoch: 22	train: 71.82500%	test: 71.48000%
epoch: 23	train: 75.68333%	test: 74.69000%
23 step model saved ...
epoch: 24	train: 77.17833%	test: 76.39000%
24 step model saved ...
epoch: 25	train: 75.54833%	test: 75.25000%
epoch: 26	train: 77.54333%	test: 77.01000%
26 step model saved ...
epoch: 27	train: 75.77833%	test: 75.10000%
epoch: 28	train: 78.48333%	test: 77.38000%
28 step model saved ...
epoch: 29	train: 74.48167%	test: 73.92000%
epoch: 30	train: 75.65333%	test: 74.45000%
epoch: 31	train: 77.06167%	test: 76.30000%
epoch: 32	train: 73.25000%	test: 71.86000%
epoch: 33	train: 77.55833%	test: 76.40000%
epoch: 34	train: 72.89000%	test: 72.74000%
epoch: 35	train: 71.31167%	test: 70.39000%
epoch: 36	train: 74.13500%	test: 73.38000%
epoch: 37	train: 69.05667%	test: 68.02000%
epoch: 38	train: 74.99500%	test: 74.12000%
epoch: 39	train: 63.03500%	test: 62.38000%
epoch: 40	train: 73.16833%	test: 72.32000%
epoch: 41	train: 70.54833%	test: 69.52000%
epoch: 42	train: 77.86000%	test: 76.89000%
epoch: 43	train: 79.11333%	test: 77.76000%
43 step model saved ...
epoch: 44	train: 76.33833%	test: 75.19000%
epoch: 45	train: 72.76000%	test: 71.94000%
epoch: 46	train: 70.17333%	test: 69.51000%
epoch: 47	train: 71.20000%	test: 70.22000%
epoch: 48	train: 77.92500%	test: 76.94000%
epoch: 49	train: 67.52500%	test: 66.71000%
Finished training
best_test_acc:77.76000%
