Training starts ...
Finished model initialization....
epoch: 0	train: 26.86500%	test: 26.56000%
0 step model saved ...
epoch: 1	train: 29.07500%	test: 28.62000%
1 step model saved ...
epoch: 2	train: 27.23000%	test: 26.60000%
epoch: 3	train: 41.28500%	test: 41.22000%
3 step model saved ...
epoch: 4	train: 41.14333%	test: 40.84000%
epoch: 5	train: 42.40833%	test: 42.30000%
5 step model saved ...
epoch: 6	train: 29.64000%	test: 28.89000%
epoch: 7	train: 34.32333%	test: 33.55000%
epoch: 8	train: 42.98833%	test: 42.64000%
8 step model saved ...
epoch: 9	train: 36.55333%	test: 35.84000%
epoch: 10	train: 33.98500%	test: 33.49000%
epoch: 11	train: 29.82000%	test: 29.13000%
epoch: 12	train: 42.52000%	test: 41.86000%
epoch: 13	train: 44.02333%	test: 43.52000%
13 step model saved ...
epoch: 14	train: 41.56833%	test: 41.08000%
epoch: 15	train: 32.53833%	test: 32.23000%
epoch: 16	train: 56.90000%	test: 56.90000%
16 step model saved ...
epoch: 17	train: 42.72000%	test: 41.84000%
epoch: 18	train: 42.57000%	test: 42.40000%
epoch: 19	train: 47.56500%	test: 47.25000%
epoch: 20	train: 55.55000%	test: 55.53000%
epoch: 21	train: 39.98833%	test: 39.85000%
epoch: 22	train: 51.74333%	test: 51.34000%
epoch: 23	train: 54.23667%	test: 53.68000%
epoch: 24	train: 37.40000%	test: 36.78000%
epoch: 25	train: 42.91500%	test: 42.48000%
epoch: 26	train: 44.17333%	test: 43.79000%
epoch: 27	train: 36.48167%	test: 35.81000%
epoch: 28	train: 45.07333%	test: 44.48000%
epoch: 29	train: 45.89667%	test: 45.37000%
epoch: 30	train: 52.55333%	test: 51.80000%
epoch: 31	train: 37.53667%	test: 36.54000%
epoch: 32	train: 52.32667%	test: 51.51000%
epoch: 33	train: 52.67333%	test: 52.36000%
epoch: 34	train: 63.33000%	test: 62.40000%
34 step model saved ...
epoch: 35	train: 61.04167%	test: 60.13000%
epoch: 36	train: 60.43000%	test: 59.01000%
epoch: 37	train: 53.27833%	test: 52.93000%
epoch: 38	train: 47.47833%	test: 46.31000%
epoch: 39	train: 40.56833%	test: 40.03000%
epoch: 40	train: 52.22667%	test: 51.92000%
epoch: 41	train: 46.34667%	test: 45.25000%
epoch: 42	train: 57.93000%	test: 56.94000%
epoch: 43	train: 63.76333%	test: 62.77000%
43 step model saved ...
epoch: 44	train: 38.05667%	test: 37.69000%
epoch: 45	train: 41.84167%	test: 40.60000%
epoch: 46	train: 53.74333%	test: 53.51000%
epoch: 47	train: 55.24167%	test: 54.60000%
epoch: 48	train: 55.96333%	test: 54.90000%
epoch: 49	train: 48.28167%	test: 47.57000%
Finished training
best_test_acc:62.77000%
